[    0.000000] Linux version 4.15.0-200-generic (buildd@lcy02-amd64-069) (gcc version 7.5.0 (Ubuntu 7.5.0-3ubuntu1~18.04)) #211-Ubuntu SMP Thu Nov 24 18:16:04 UTC 2022 (Ubuntu 4.15.0-200.211-generic 4.15.18)
[    0.000000] Command line: BOOT_IMAGE=/boot/vmlinuz-4.15.0-200-generic root=LABEL=cloudimg-rootfs ro console=tty1 console=ttyS0
[    0.000000] KERNEL supported cpus:
[    0.000000]   Intel GenuineIntel
[    0.000000]   AMD AuthenticAMD
[    0.000000]   Centaur CentaurHauls
[    0.000000] x86/fpu: Supporting XSAVE feature 0x001: 'x87 floating point registers'
[    0.000000] x86/fpu: Supporting XSAVE feature 0x002: 'SSE registers'
[    0.000000] x86/fpu: Supporting XSAVE feature 0x004: 'AVX registers'
[    0.000000] x86/fpu: xstate_offset[2]:  576, xstate_sizes[2]:  256
[    0.000000] x86/fpu: Enabled xstate features 0x7, context size is 832 bytes, using 'standard' format.
[    0.000000] e820: BIOS-provided physical RAM map:
[    0.000000] BIOS-e820: [mem 0x0000000000000000-0x000000000009fbff] usable
[    0.000000] BIOS-e820: [mem 0x000000000009fc00-0x000000000009ffff] reserved
[    0.000000] BIOS-e820: [mem 0x00000000000f0000-0x00000000000fffff] reserved
[    0.000000] BIOS-e820: [mem 0x0000000000100000-0x000000003ffeffff] usable
[    0.000000] BIOS-e820: [mem 0x000000003fff0000-0x000000003fffffff] ACPI data
[    0.000000] BIOS-e820: [mem 0x00000000fec00000-0x00000000fec00fff] reserved
[    0.000000] BIOS-e820: [mem 0x00000000fee00000-0x00000000fee00fff] reserved
[    0.000000] BIOS-e820: [mem 0x00000000fffc0000-0x00000000ffffffff] reserved
[    0.000000] NX (Execute Disable) protection: active
[    0.000000] SMBIOS 2.5 present.
[    0.000000] DMI: innotek GmbH VirtualBox/VirtualBox, BIOS VirtualBox 12/01/2006
[    0.000000] Hypervisor detected: KVM
[    0.000000] e820: last_pfn = 0x3fff0 max_arch_pfn = 0x400000000
[    0.000000] MTRR: Disabled
[    0.000000] x86/PAT: MTRRs disabled, skipping PAT initialization too.
[    0.000000] CPU MTRRs all blank - virtualized system.
[    0.000000] x86/PAT: Configuration [0-7]: WB  WT  UC- UC  WB  WT  UC- UC  
[    0.000000] found SMP MP-table at [mem 0x0009fff0-0x0009ffff]
[    0.000000] Scanning 1 areas for low memory corruption
[    0.000000] RAMDISK: [mem 0x359c9000-0x36cdbfff]
[    0.000000] ACPI: Early table checksum verification disabled
[    0.000000] ACPI: RSDP 0x00000000000E0000 000024 (v02 VBOX  )
[    0.000000] ACPI: XSDT 0x000000003FFF0030 00003C (v01 VBOX   VBOXXSDT 00000001 ASL  00000061)
[    0.000000] ACPI: FACP 0x000000003FFF00F0 0000F4 (v04 VBOX   VBOXFACP 00000001 ASL  00000061)
[    0.000000] ACPI: DSDT 0x000000003FFF0610 002353 (v02 VBOX   VBOXBIOS 00000002 INTL 20100528)
[    0.000000] ACPI: FACS 0x000000003FFF0200 000040
[    0.000000] ACPI: FACS 0x000000003FFF0200 000040
[    0.000000] ACPI: APIC 0x000000003FFF0240 00005C (v02 VBOX   VBOXAPIC 00000001 ASL  00000061)
[    0.000000] ACPI: SSDT 0x000000003FFF02A0 00036C (v01 VBOX   VBOXCPUT 00000002 INTL 20100528)
[    0.000000] ACPI: Reserving FACP table memory at [mem 0x3fff00f0-0x3fff01e3]
[    0.000000] ACPI: Reserving DSDT table memory at [mem 0x3fff0610-0x3fff2962]
[    0.000000] ACPI: Reserving FACS table memory at [mem 0x3fff0200-0x3fff023f]
[    0.000000] ACPI: Reserving FACS table memory at [mem 0x3fff0200-0x3fff023f]
[    0.000000] ACPI: Reserving APIC table memory at [mem 0x3fff0240-0x3fff029b]
[    0.000000] ACPI: Reserving SSDT table memory at [mem 0x3fff02a0-0x3fff060b]
[    0.000000] No NUMA configuration found
[    0.000000] Faking a node at [mem 0x0000000000000000-0x000000003ffeffff]
[    0.000000] NODE_DATA(0) allocated [mem 0x3ffc5000-0x3ffeffff]
[    0.000000] kvm-clock: cpu 0, msr 0:3ff44001, primary cpu clock
[    0.000000] kvm-clock: Using msrs 4b564d01 and 4b564d00
[    0.000000] kvm-clock: using sched offset of 4055059939 cycles
[    0.000000] clocksource: kvm-clock: mask: 0xffffffffffffffff max_cycles: 0x1cd42e4dffb, max_idle_ns: 881590591483 ns
[    0.000000] Zone ranges:
[    0.000000]   DMA      [mem 0x0000000000001000-0x0000000000ffffff]
[    0.000000]   DMA32    [mem 0x0000000001000000-0x000000003ffeffff]
[    0.000000]   Normal   empty
[    0.000000]   Device   empty
[    0.000000] Movable zone start for each node
[    0.000000] Early memory node ranges
[    0.000000]   node   0: [mem 0x0000000000001000-0x000000000009efff]
[    0.000000]   node   0: [mem 0x0000000000100000-0x000000003ffeffff]
[    0.000000] Reserved but unavailable: 104 pages
[    0.000000] Initmem setup node 0 [mem 0x0000000000001000-0x000000003ffeffff]
[    0.000000] ACPI: PM-Timer IO Port: 0x4008
[    0.000000] IOAPIC[0]: apic_id 2, version 32, address 0xfec00000, GSI 0-23
[    0.000000] ACPI: INT_SRC_OVR (bus 0 bus_irq 0 global_irq 2 dfl dfl)
[    0.000000] ACPI: INT_SRC_OVR (bus 0 bus_irq 9 global_irq 9 low level)
[    0.000000] Using ACPI (MADT) for SMP configuration information
[    0.000000] smpboot: Allowing 2 CPUs, 0 hotplug CPUs
[    0.000000] PM: Registered nosave memory: [mem 0x00000000-0x00000fff]
[    0.000000] PM: Registered nosave memory: [mem 0x0009f000-0x0009ffff]
[    0.000000] PM: Registered nosave memory: [mem 0x000a0000-0x000effff]
[    0.000000] PM: Registered nosave memory: [mem 0x000f0000-0x000fffff]
[    0.000000] e820: [mem 0x40000000-0xfebfffff] available for PCI devices
[    0.000000] Booting paravirtualized kernel on KVM
[    0.000000] clocksource: refined-jiffies: mask: 0xffffffff max_cycles: 0xffffffff, max_idle_ns: 7645519600211568 ns
[    0.000000] setup_percpu: NR_CPUS:8192 nr_cpumask_bits:2 nr_cpu_ids:2 nr_node_ids:1
[    0.000000] percpu: Embedded 50 pages/cpu s167936 r8192 d28672 u1048576
[    0.000000] PV qspinlock hash table entries: 256 (order: 0, 4096 bytes)
[    0.000000] Built 1 zonelists, mobility grouping on.  Total pages: 257913
[    0.000000] Policy zone: DMA32
[    0.000000] Kernel command line: BOOT_IMAGE=/boot/vmlinuz-4.15.0-200-generic root=LABEL=cloudimg-rootfs ro console=tty1 console=ttyS0
[    0.000000] Memory: 982648K/1048120K available (12300K kernel code, 2477K rwdata, 4320K rodata, 2472K init, 2720K bss, 65472K reserved, 0K cma-reserved)
[    0.000000] SLUB: HWalign=64, Order=0-3, MinObjects=0, CPUs=2, Nodes=1
[    0.000000] ftrace: allocating 39478 entries in 155 pages
[    0.004000] Hierarchical RCU implementation.
[    0.004000] 	RCU restricting CPUs from NR_CPUS=8192 to nr_cpu_ids=2.
[    0.004000] 	Tasks RCU enabled.
[    0.004000] RCU: Adjusting geometry for rcu_fanout_leaf=16, nr_cpu_ids=2
[    0.004000] NR_IRQS: 524544, nr_irqs: 440, preallocated irqs: 16
[    0.004000] random: crng init done
[    0.004000] Console: colour VGA+ 80x25
[    0.004000] console [tty1] enabled
[    0.004000] console [ttyS0] enabled
[    0.004000] ACPI: Core revision 20170831
[    0.004000] ACPI: 2 ACPI AML tables successfully acquired and loaded
[    0.004000] APIC: Switch to symmetric I/O mode setup
[    0.004000] x2apic enabled
[    0.004000] Switched APIC routing to physical x2apic.
[    0.004000] ..TIMER: vector=0x30 apic1=0 pin1=2 apic2=-1 pin2=-1
[    0.004006] tsc: Detected 1992.000 MHz processor
[    0.004933] Calibrating delay loop (skipped) preset value.. 3984.00 BogoMIPS (lpj=7968000)
[    0.008003] pid_max: default: 32768 minimum: 301
[    0.008919] Security Framework initialized
[    0.009723] Yama: becoming mindful.
[    0.010462] AppArmor: AppArmor initialized
[    0.012510] Dentry cache hash table entries: 131072 (order: 8, 1048576 bytes)
[    0.014029] Inode-cache hash table entries: 65536 (order: 7, 524288 bytes)
[    0.016015] Mount-cache hash table entries: 2048 (order: 2, 16384 bytes)
[    0.017558] Mountpoint-cache hash table entries: 2048 (order: 2, 16384 bytes)
[    0.019235] Last level iTLB entries: 4KB 64, 2MB 8, 4MB 8
[    0.020004] Last level dTLB entries: 4KB 64, 2MB 0, 4MB 0, 1GB 4
[    0.022122] Spectre V1 : Mitigation: usercopy/swapgs barriers and __user pointer sanitization
[    0.024004] Spectre V2 : Mitigation: Retpolines
[    0.024904] Spectre V2 : Spectre v2 / SpectreRSB mitigation: Filling RSB on context switch
[    0.026478] Speculative Store Bypass: Vulnerable
[    0.028068] MMIO Stale Data: Vulnerable: Clear CPU buffers attempted, no microcode
[    0.029506] SRBDS: Unknown: Dependent on hypervisor status
[    0.030734] Freeing SMP alternatives memory: 36K
[    0.142434] smpboot: CPU0: Intel(R) Core(TM) i7-8565U CPU @ 1.80GHz (family: 0x6, model: 0x8e, stepping: 0xc)
[    0.144000] Performance Events: unsupported p6 CPU model 142 no PMU driver, software events only.
[    0.144063] Hierarchical SRCU implementation.
[    0.145521] NMI watchdog: Perf event create on CPU 0 failed with -2
[    0.146698] NMI watchdog: Perf NMI watchdog permanently disabled
[    0.148076] smp: Bringing up secondary CPUs ...
[    0.149252] x86: Booting SMP configuration:
[    0.150412] .... node  #0, CPUs:      #1
[    0.004000] kvm-clock: cpu 1, msr 0:3ff44041, secondary cpu clock
[    0.155438] smp: Brought up 1 node, 2 CPUs
[    0.156006] smpboot: Max logical packages: 1
[    0.157293] smpboot: Total of 2 processors activated (7968.00 BogoMIPS)
[    0.159107] devtmpfs: initialized
[    0.160057] x86/mm: Memory block size: 128MB
[    0.161613] evm: security.selinux
[    0.162662] evm: security.SMACK64
[    0.163378] evm: security.SMACK64EXEC
[    0.164003] evm: security.SMACK64TRANSMUTE
[    0.164818] evm: security.SMACK64MMAP
[    0.165556] evm: security.apparmor
[    0.166254] evm: security.ima
[    0.166879] evm: security.capability
[    0.168106] clocksource: jiffies: mask: 0xffffffff max_cycles: 0xffffffff, max_idle_ns: 7645041785100000 ns
[    0.169865] futex hash table entries: 512 (order: 3, 32768 bytes)
[    0.171325] pinctrl core: initialized pinctrl subsystem
[    0.172483] RTC time:  4:03:19, date: 12/06/22
[    0.181691] NET: Registered protocol family 16
[    0.184145] audit: initializing netlink subsys (disabled)
[    0.188015] audit: type=2000 audit(1670299404.801:1): state=initialized audit_enabled=0 res=1
[    0.190343] cpuidle: using governor ladder
[    0.190343] cpuidle: using governor menu
[    0.192074] ACPI: bus type PCI registered
[    0.193023] acpiphp: ACPI Hot Plug PCI Controller Driver version: 0.5
[    0.196122] PCI: Using configuration type 1 for base access
[    0.197672] HugeTLB registered 2.00 MiB page size, pre-allocated 0 pages
[    0.200074] ACPI: Added _OSI(Module Device)
[    0.200919] ACPI: Added _OSI(Processor Device)
[    0.201804] ACPI: Added _OSI(3.0 _SCP Extensions)
[    0.202735] ACPI: Added _OSI(Processor Aggregator Device)
[    0.204005] ACPI: Added _OSI(Linux-Dell-Video)
[    0.204873] ACPI: Added _OSI(Linux-Lenovo-NV-HDMI-Audio)
[    0.205922] ACPI: Added _OSI(Linux-HPI-Hybrid-Graphics)
[    0.208288] ACPI: Executed 1 blocks of module-level executable AML code
[    0.212786] ACPI: Interpreter enabled
[    0.213801] ACPI: (supports S0 S5)
[    0.214724] ACPI: Using IOAPIC for interrupt routing
[    0.216238] PCI: Using host bridge windows from ACPI; if necessary, use "pci=nocrs" and report a bug
[    0.218427] ACPI: Enabled 2 GPEs in block 00 to 07
[    0.226345] ACPI: PCI Root Bridge [PCI0] (domain 0000 [bus 00-ff])
[    0.227781] acpi PNP0A03:00: _OSC: OS supports [ASPM ClockPM Segments MSI]
[    0.228504] acpi PNP0A03:00: _OSC: not requesting OS control; OS requires [ExtendedConfig ASPM ClockPM MSI]
[    0.232014] acpi PNP0A03:00: fail to add MMCONFIG information, can't access extended PCI configuration space under this bridge.
[    0.235378] PCI host bridge to bus 0000:00
[    0.236005] pci_bus 0000:00: root bus resource [io  0x0000-0x0cf7 window]
[    0.237742] pci_bus 0000:00: root bus resource [io  0x0d00-0xffff window]
[    0.239398] pci_bus 0000:00: root bus resource [mem 0x000a0000-0x000bffff window]
[    0.240004] pci_bus 0000:00: root bus resource [mem 0x40000000-0xfdffffff window]
[    0.242258] pci_bus 0000:00: root bus resource [bus 00-ff]
[    0.246251] pci 0000:00:01.1: legacy IDE quirk: reg 0x10: [io  0x01f0-0x01f7]
[    0.248004] pci 0000:00:01.1: legacy IDE quirk: reg 0x14: [io  0x03f6]
[    0.249703] pci 0000:00:01.1: legacy IDE quirk: reg 0x18: [io  0x0170-0x0177]
[    0.252004] pci 0000:00:01.1: legacy IDE quirk: reg 0x1c: [io  0x0376]
[    0.273469] pci 0000:00:07.0: quirk: [io  0x4000-0x403f] claimed by PIIX4 ACPI
[    0.275549] pci 0000:00:07.0: quirk: [io  0x4100-0x410f] claimed by PIIX4 SMB
[    0.289175] ACPI: PCI Interrupt Link [LNKA] (IRQs 5 9 10 *11)
[    0.291309] ACPI: PCI Interrupt Link [LNKB] (IRQs 5 9 *10 11)
[    0.292184] ACPI: PCI Interrupt Link [LNKC] (IRQs 5 *9 10 11)
[    0.293982] ACPI: PCI Interrupt Link [LNKD] (IRQs 5 9 10 *11)
[    0.296345] SCSI subsystem initialized
[    0.297379] pci 0000:00:02.0: vgaarb: setting as boot VGA device
[    0.297379] pci 0000:00:02.0: vgaarb: VGA device added: decodes=io+mem,owns=io+mem,locks=none
[    0.300015] pci 0000:00:02.0: vgaarb: bridge control possible
[    0.301185] vgaarb: loaded
[    0.301782] ACPI: bus type USB registered
[    0.303184] usbcore: registered new interface driver usbfs
[    0.304015] usbcore: registered new interface driver hub
[    0.305312] usbcore: registered new device driver usb
[    0.308085] EDAC MC: Ver: 3.0.0
[    0.309256] PCI: Using ACPI for IRQ routing
[    0.309256] NetLabel: Initializing
[    0.312010] NetLabel:  domain hash size = 128
[    0.312955] NetLabel:  protocols = UNLABELED CIPSOv4 CALIPSO
[    0.314179] NetLabel:  unlabeled traffic allowed by default
[    0.316175] clocksource: Switched to clocksource kvm-clock
[    0.331828] VFS: Disk quotas dquot_6.6.0
[    0.333192] VFS: Dquot-cache hash table entries: 512 (order 0, 4096 bytes)
[    0.334628] AppArmor: AppArmor Filesystem Enabled
[    0.335564] pnp: PnP ACPI init
[    0.337449] pnp: PnP ACPI: found 3 devices
[    0.348465] clocksource: acpi_pm: mask: 0xffffff max_cycles: 0xffffff, max_idle_ns: 2085701024 ns
[    0.351016] NET: Registered protocol family 2
[    0.352282] IP idents hash table entries: 16384 (order: 5, 131072 bytes)
[    0.354667] TCP established hash table entries: 8192 (order: 4, 65536 bytes)
[    0.355981] TCP bind hash table entries: 8192 (order: 5, 131072 bytes)
[    0.357328] TCP: Hash tables configured (established 8192 bind 8192)
[    0.358554] UDP hash table entries: 512 (order: 2, 16384 bytes)
[    0.359664] UDP-Lite hash table entries: 512 (order: 2, 16384 bytes)
[    0.360889] NET: Registered protocol family 1
[    0.361754] pci 0000:00:00.0: Limiting direct PCI/PCI transfers
[    0.362881] pci 0000:00:01.0: Activating ISA DMA hang workarounds
[    0.364077] pci 0000:00:02.0: Video device with shadowed ROM at [mem 0x000c0000-0x000dffff]
[    0.365748] Unpacking initramfs...
[    0.695152] Freeing initrd memory: 19532K
[    0.696670] clocksource: tsc: mask: 0xffffffffffffffff max_cycles: 0x396d519840e, max_idle_ns: 881590569543 ns
[    0.699125] platform rtc_cmos: registered platform RTC device (no PNP device found)
[    0.700659] Scanning for low memory corruption every 60 seconds
[    0.702680] Initialise system trusted keyrings
[    0.703867] Key type blacklist registered
[    0.704822] workingset: timestamp_bits=36 max_order=18 bucket_order=0
[    0.707047] zbud: loaded
[    0.708141] squashfs: version 4.0 (2009/01/31) Phillip Lougher
[    0.709519] fuse init (API version 7.26)
[    0.712566] Key type asymmetric registered
[    0.713382] Asymmetric key parser 'x509' registered
[    0.714688] Block layer SCSI generic (bsg) driver version 0.4 loaded (major 246)
[    0.716858] io scheduler noop registered
[    0.717647] io scheduler deadline registered
[    0.718527] io scheduler cfq registered (default)
[    0.719741] ACPI: AC Adapter [AC] (on-line)
[    0.720679] input: Power Button as /devices/LNXSYSTM:00/LNXPWRBN:00/input/input0
[    0.722167] ACPI: Power Button [PWRF]
[    0.722978] input: Sleep Button as /devices/LNXSYSTM:00/LNXSLPBN:00/input/input1
[    0.724502] ACPI: Sleep Button [SLPF]
[    0.726331] ACPI: Battery Slot [BAT0] (battery present)
[    0.727480] Serial: 8250/16550 driver, 32 ports, IRQ sharing enabled
[    0.749579] 00:02: ttyS0 at I/O 0x3f8 (irq = 4, base_baud = 115200) is a 16550A
[    0.754814] Linux agpgart interface v0.103
[    0.757743] loop: module loaded
[    0.759276] scsi host0: ata_piix
[    0.760283] scsi host1: ata_piix
[    0.761312] ata1: PATA max UDMA/33 cmd 0x1f0 ctl 0x3f6 bmdma 0xd000 irq 14
[    0.762878] ata2: PATA max UDMA/33 cmd 0x170 ctl 0x376 bmdma 0xd008 irq 15
[    0.764835] tun: Universal TUN/TAP device driver, 1.6
[    0.766583] PPP generic driver version 2.4.2
[    0.767960] ehci_hcd: USB 2.0 'Enhanced' Host Controller (EHCI) Driver
[    0.769436] ehci-pci: EHCI PCI platform driver
[    0.770329] ehci-platform: EHCI generic platform driver
[    0.771381] ohci_hcd: USB 1.1 'Open' Host Controller (OHCI) Driver
[    0.772586] ohci-pci: OHCI PCI platform driver
[    0.773476] ohci-platform: OHCI generic platform driver
[    0.774495] uhci_hcd: USB Universal Host Controller Interface driver
[    0.775743] i8042: PNP: PS/2 Controller [PNP0303:PS2K,PNP0f03:PS2M] at 0x60,0x64 irq 1,12
[    0.777873] serio: i8042 KBD port at 0x60,0x64 irq 1
[    0.778865] serio: i8042 AUX port at 0x60,0x64 irq 12
[    0.780030] mousedev: PS/2 mouse device common for all mice
[    0.781751] rtc_cmos rtc_cmos: rtc core: registered rtc_cmos as rtc0
[    0.783013] rtc_cmos rtc_cmos: alarms up to one day, 114 bytes nvram
[    0.784215] i2c /dev entries driver
[    0.785035] device-mapper: uevent: version 1.0.3
[    0.786045] device-mapper: ioctl: 4.37.0-ioctl (2017-09-20) initialised: dm-devel@redhat.com
[    0.787770] input: AT Translated Set 2 keyboard as /devices/platform/i8042/serio0/input/input2
[    0.789516] ledtrig-cpu: registered to indicate activity on CPUs
[    0.791265] NET: Registered protocol family 10
[    0.795523] Segment Routing with IPv6
[    0.796688] NET: Registered protocol family 17
[    0.797902] Key type dns_resolver registered
[    0.798999] mce: Using 0 MCE banks
[    0.799863] RAS: Correctable Errors collector initialized.
[    0.801337] sched_clock: Marking stable (801309519, 0)->(992027950, -190718431)
[    0.803600] registered taskstats version 1
[    0.804705] Loading compiled-in X.509 certificates
[    0.808187] Loaded X.509 cert 'Build time autogenerated kernel key: 29e5beaa583364da097e68c9386761f80dbce7ef'
[    0.810664] Loaded X.509 cert 'Canonical Ltd. Live Patch Signing: 14df34d1a87cf37625abec039ef2bf521249b969'
[    0.813107] Loaded X.509 cert 'Canonical Ltd. Kernel Module Signing: 88f752e560a1e0737e31163a466ad7b70a850c19'
[    0.815440] blacklist: Loading compiled-in revocation X.509 certificates
[    0.817820] Loaded X.509 cert 'Canonical Ltd. Secure Boot Signing: 61482aa2830d0ab2ad5af10b7250da9033ddcef0'
[    0.820061] zswap: loaded using pool lzo/zbud
[    0.824246] Key type big_key registered
[    0.825025] Key type trusted registered
[    0.827290] Key type encrypted registered
[    0.828094] AppArmor: AppArmor sha1 policy hashing enabled
[    0.829283] ima: No TPM chip found, activating TPM-bypass! (rc=-19)
[    0.830457] ima: Allocated hash algorithm: sha1
[    0.831402] evm: HMAC attrs: 0x1
[    0.832369]   Magic number: 2:422:59
[    0.833188] rtc_cmos rtc_cmos: setting system clock to 2022-12-06 04:03:20 UTC (1670299400)
[    0.834888] BIOS EDD facility v0.16 2004-Jun-25, 0 devices found
[    0.836032] EDD information not available.
[    0.949824] Freeing unused kernel image memory: 2472K
[    0.964310] Write protecting the kernel read-only data: 20480k
[    0.966403] Freeing unused kernel image memory: 2008K
[    0.967826] Freeing unused kernel image memory: 1824K
[    0.977635] x86/mm: Checked W+X mappings: passed, no W+X pages found.
Loading, please wait...
starting version 237
[    1.042901] e1000: Intel(R) PRO/1000 Network Driver - version 7.3.21-k8-NAPI
[    1.044679] e1000: Copyright (c) 1999-2006 Intel Corporation.
[    1.057358] Fusion MPT base driver 3.04.20
[    1.058513] Copyright (c) 1999-2008 LSI Corporation
[    1.073192] AVX2 version of gcm_enc/dec engaged.
[    1.074805] AES CTR mode by8 optimization enabled
[    1.084601] Fusion MPT SPI Host driver 3.04.20
[    1.253653] input: ImExPS/2 Generic Explorer Mouse as /devices/platform/i8042/serio1/input/input4
[    1.483685] e1000 0000:00:03.0 eth0: (PCI:33MHz:32-bit) 02:0b:d2:67:80:32
[    1.486114] e1000 0000:00:03.0 eth0: Intel(R) PRO/1000 Network Connection
[    1.489247] mptbase: ioc0: Initiating bringup
[    1.596944] ioc0: LSI53C1030 A0: Capabilities={Initiator}
[    1.842623] scsi host2: ioc0: LSI53C1030 A0, FwRev=00000000h, Ports=1, MaxQ=256, IRQ=20
[    2.012983] scsi 2:0:0:0: Direct-Access     VBOX     HARDDISK         1.0  PQ: 0 ANSI: 5
[    2.061324] scsi target2:0:0: Beginning Domain Validation
[    2.063547] scsi target2:0:0: Domain Validation skipping write tests
[    2.064946] scsi target2:0:0: Ending Domain Validation
[    2.066693] scsi target2:0:0: asynchronous
[    2.068518] scsi 2:0:1:0: Direct-Access     VBOX     HARDDISK         1.0  PQ: 0 ANSI: 5
[    2.395169] scsi target2:0:1: Beginning Domain Validation
[    2.398608] scsi target2:0:1: Domain Validation skipping write tests
[    2.399915] scsi target2:0:1: Ending Domain Validation
[    2.401001] scsi target2:0:1: asynchronous
[    2.408208] sd 2:0:0:0: [sda] 83886080 512-byte logical blocks: (42.9 GB/40.0 GiB)
[    2.408229] sd 2:0:0:0: Attached scsi generic sg0 type 0
[    2.412144] sd 2:0:0:0: [sda] Write Protect is off
[    2.412692] sd 2:0:1:0: Attached scsi generic sg1 type 0
[    2.420798] sd 2:0:0:0: [sda] Incomplete mode parameter data
[    2.422085] sd 2:0:0:0: [sda] Assuming drive cache: write through
[    2.424440] sd 2:0:1:0: [sdb] 20480 512-byte logical blocks: (10.5 MB/10.0 MiB)
[    2.426861] sd 2:0:1:0: [sdb] Write Protect is off
[    2.428840] sd 2:0:1:0: [sdb] Incomplete mode parameter data
[    2.428925] e1000 0000:00:08.0 eth1: (PCI:33MHz:32-bit) 08:00:27:ba:7e:a8
[    2.430397] sd 2:0:1:0: [sdb] Assuming drive cache: write through
[    2.433199] e1000 0000:00:08.0 eth1: Intel(R) PRO/1000 Network Connection
[    2.522997]  sda: sda1
[    2.525231] sd 2:0:0:0: [sda] Attached SCSI disk
[    2.553562] sd 2:0:1:0: [sdb] Attached SCSI disk
[    2.556273] e1000 0000:00:08.0 enp0s8: renamed from eth1
[    2.574328] e1000 0000:00:03.0 enp0s3: renamed from eth0
Begin: Loading essential drivers ... [    4.188618] raid6: sse2x1   gen()  7576 MB/s
[    4.236080] raid6: sse2x1   xor()  4252 MB/s
[    4.284078] raid6: sse2x2   gen()  8934 MB/s
[    4.332109] raid6: sse2x2   xor()  5233 MB/s
[    4.380080] raid6: sse2x4   gen()  8531 MB/s
[    4.428084] raid6: sse2x4   xor()  5417 MB/s
[    4.476182] raid6: avx2x1   gen() 11798 MB/s
[    4.524255] raid6: avx2x1   xor()  6698 MB/s
[    4.572095] raid6: avx2x2   gen() 14907 MB/s
[    4.620068] raid6: avx2x2   xor()  9984 MB/s
[    4.668055] raid6: avx2x4   gen() 14915 MB/s
[    4.716052] raid6: avx2x4   xor()  5964 MB/s
[    4.717789] raid6: using algorithm avx2x4 gen() 14915 MB/s
[    4.719061] raid6: .... xor() 5964 MB/s, rmw enabled
[    4.720411] raid6: using avx2x2 recovery algorithm
[    4.723127] xor: automatically using best checksumming function   avx       
[    4.727036] async_tx: api initialized (async)
done.
Begin: Running /scripts/init-premount ... done.
Begin: Mounting root file system ... Begin: Running /scripts/local-top ... done.
Begin: Running /scripts/local-premount ... [    4.798233] Btrfs loaded, crc32c=crc32c-intel
Scanning for Btrfs filesystems
done.
Warning: fsck not present, so skipping root file system
[    5.076555] EXT4-fs (sda1): mounted filesystem with ordered data mode. Opts: (null)
done.
Begin: Running /scripts/local-bottom ... done.
Begin: Running /scripts/init-bottom ... done.
[    6.582994] ip_tables: (C) 2000-2006 Netfilter Core Team
[    6.620984] systemd[1]: systemd 237 running in system mode. (+PAM +AUDIT +SELINUX +IMA +APPARMOR +SMACK +SYSVINIT +UTMP +LIBCRYPTSETUP +GCRYPT +GNUTLS +ACL +XZ +LZ4 +SECCOMP +BLKID +ELFUTILS +KMOD -IDN2 +IDN -PCRE2 default-hierarchy=hybrid)
[    6.626031] systemd[1]: Detected virtualization oracle.
[    6.626971] systemd[1]: Detected architecture x86-64.

Welcome to [1mUbuntu 18.04.6 LTS[0m!

[    6.728488] systemd[1]: Set hostname to <ubuntu>.
[    6.762882] systemd[1]: Initializing machine ID from random generator.
[    6.764498] systemd[1]: Installed transient /etc/machine-id file.
[    8.533219] systemd[1]: Created slice User and Session Slice.
[[0;32m  OK  [0m] Created slice User and Session Slice.
[    8.547716] systemd[1]: Reached target Swap.
[[0;32m  OK  [0m] Reached target Swap.
[    8.549576] systemd[1]: Reached target User and Group Name Lookups.
[[0;32m  OK  [0m] Reached target User and Group Name Lookups.
[    8.552891] systemd[1]: Created slice System Slice.
[[0;32m  OK  [0m] Created slice System Slice.
[[0;32m  OK  [0m] Created slice system-serial\x2dgetty.slice.
[[0;32m  OK  [0m] Listening on /dev/initctl Compatibility Named Pipe.
[[0;32m  OK  [0m] Listening on fsck to fsckd communication Socket.
[[0;32m  OK  [0m] Listening on udev Kernel Socket.
[[0;32m  OK  [0m] Listening on Syslog Socket.
[[0;32m  OK  [0m] Listening on LVM2 metadata daemon socket.
[[0;32m  OK  [0m] Listening on Journal Audit Socket.
[[0;32m  OK  [0m] Listening on LVM2 poll daemon socket.
[[0;32m  OK  [0m] Listening on Journal Socket (/dev/log).
[[0;32m  OK  [0m] Set up automount Arbitrary Executab…rmats File System Automount Point.
[[0;32m  OK  [0m] Listening on Journal Socket.
         Starting Load Kernel Modules...
         Mounting Kernel Debug File System...
         Starting File System Check on Root Device...
         Mounting Huge Pages File System...
         Starting Journal Service...
[[0;32m  OK  [0m] Listening on Network Service Netlink Socket.
[[0;32m  OK  [0m] Listening on udev Control Socket.
         Starting udev Coldplug all Devices...
[[0;32m  OK  [0m] Listening on Device-mapper event daemon FIFOs.
         Starting Monitoring of LVM2 mirrors…ng dmeventd or progress polling...
[[0;32m  OK  [0m] Reached target Slices.
         Starting Uncomplicated firewall...
         Mounting POSIX Message Queue File System...
[[0;32m  OK  [0m] Started Forward Password Requests to Wall Directory Watch.
         Starting Create list of required st…ce nodes for the current kernel...
         Starting Set the console keyboard layout...
[[0;32m  OK  [0m] Reached target System Time Synchronized.
[[0;32m  OK  [0m] Started File System Check Daemon to report status.
[[0;32m  OK  [0m] Mounted POSIX Message Queue File System.
[[0;32m  OK  [0m] Mounted Kernel Debug File System.
[[0;32m  OK  [0m] Mounted Huge Pages File System.
[[0;32m  OK  [0m] Started Uncomplicated firewall.
[[0;32m  OK  [0m] Started Create list of required sta…vice nodes for the current kernel.
         Starting Create Static Device Nodes in /dev...
[    9.178444] Loading iSCSI transport class v2.0-870.
[[0;32m  OK  [0m] Started udev Coldplug all Devices.
[[0;32m  OK  [0m] Started Journal Service.
[    9.395371] iscsi: registered transport (tcp)
[[0;32m  OK  [0m] Started LVM2 metadata daemon.
[[0;32m  OK  [0m] Started File System Check on Root Device.
         Starting Remount Root and Kernel File Systems...
[    9.622782] iscsi: registered transport (iser)
[[0;32m  OK  [0m] Started Load Kernel Modules.
         Starting Apply Kernel Variables...
         Mounting FUSE Control File System...
         Mounting Kernel Configuration File System...
[[0;32m  OK  [0m] Mounted FUSE Control File System.
[[0;32m  OK  [0m] Mounted Kernel Configuration File System.
[[0;32m  OK  [0m] Started Create Static Device Nodes in /dev.
[[0;32m  OK  [0m] Started Remount Root and Kernel File Systems.
         Starting Load/Save Random Seed...
         Starting Flush Journal to Persistent Storage...
         Starting udev Kernel Device Manager...
[[0;32m  OK  [0m] Started Monitoring of LVM2 mirrors,…sing dmeventd or progress polling.
[[0;32m  OK  [0m] Started Apply Kernel Variables.
[[0;32m  OK  [0m] Started Load/Save Random Seed.
[[0;32m  OK  [0m] Started udev Kernel Device Manager.
[[0;32m  OK  [0m] Started Flush Journal to Persistent Storage.
[[0;32m  OK  [0m] Found device /dev/ttyS0.
[[0;32m  OK  [0m] Listening on Load/Save RF Kill Switch Status /dev/rfkill Watch.
         Mounting Arbitrary Executable File Formats File System...
[[0;32m  OK  [0m] Mounted Arbitrary Executable File Formats File System.
[[0;32m  OK  [0m] Started Set the console keyboard layout.
[[0;32m  OK  [0m] Started Dispatch Password Requests to Console Directory Watch.
[[0;32m  OK  [0m] Reached target Local Encrypted Volumes.
[[0;32m  OK  [0m] Reached target Local File Systems (Pre).
[[0;32m  OK  [0m] Reached target Local File Systems.
         Starting Set console font and keymap...
         Starting AppArmor initialization...
         Starting Create Volatile Files and Directories...
         Starting Tell Plymouth To Write Out Runtime Data...
         Starting Commit a transient machine-id on disk...
         Starting ebtables ruleset management...
[[0;32m  OK  [0m] Started Tell Plymouth To Write Out Runtime Data.
[[0;32m  OK  [0m] Started Create Volatile Files and Directories.
         Starting Update UTMP about System Boot/Shutdown...
[[0;32m  OK  [0m] Started Commit a transient machine-id on disk.
[[0;32m  OK  [0m] Started Update UTMP about System Boot/Shutdown.
[[0;32m  OK  [0m] Started ebtables ruleset management.
[[0;32m  OK  [0m] Started Set console font and keymap.
[[0;32m  OK  [0m] Started AppArmor initialization.
         Starting Load AppArmor profiles managed internally by snapd...
         Starting Initial cloud-init job (pre-networking)...
[[0;32m  OK  [0m] Started Load AppArmor profiles managed internally by snapd.
[   23.931713] cloud-init[913]: Cloud-init v. 22.3.4-0ubuntu1~18.04.1 running 'init-local' at Tue, 06 Dec 2022 04:03:43 +0000. Up 23.44 seconds.
[[0;32m  OK  [0m] Started Initial cloud-init job (pre-networking).
[[0;32m  OK  [0m] Reached target Network (Pre).
         Starting Network Service...
[[0;32m  OK  [0m] Started Network Service.
         Starting Network Name Resolution...
         Starting Wait for Network to be Configured...
[[0;32m  OK  [0m] Started Network Name Resolution.
[[0;32m  OK  [0m] Reached target Network.
[[0;32m  OK  [0m] Reached target Host and Network Name Lookups.
[[0;32m  OK  [0m] Started Wait for Network to be Configured.
         Starting Initial cloud-init job (metadata service crawler)...
[   25.896747] cloud-init[1055]: Cloud-init v. 22.3.4-0ubuntu1~18.04.1 running 'init' at Tue, 06 Dec 2022 04:03:45 +0000. Up 25.70 seconds.
[   25.901252] cloud-init[1055]: ci-info: ++++++++++++++++++++++++++++++++++++++Net device info++++++++++++++++++++++++++++++++++++++
[   25.903727] cloud-init[1055]: ci-info: +--------+-------+---------------------------+---------------+--------+-------------------+
[   25.905908] cloud-init[1055]: ci-info: | Device |   Up  |          Address          |      Mask     | Scope  |     Hw-Address    |
[   25.908439] cloud-init[1055]: ci-info: +--------+-------+---------------------------+---------------+--------+-------------------+
[   25.911355] cloud-init[1055]: ci-info: | enp0s3 |  True |         10.0.2.15         | 255.255.255.0 | global | 02:0b:d2:67:80:32 |
[   25.913944] cloud-init[1055]: ci-info: | enp0s3 |  True | fe80::b:d2ff:fe67:8032/64 |       .       |  link  | 02:0b:d2:67:80:32 |
[   25.924434] cloud-init[1055]: ci-info: | enp0s8 | False |             .             |       .       |   .    | 08:00:27:ba:7e:a8 |
[   25.936713] cloud-init[1055]: ci-info: |   lo   |  True |         127.0.0.1         |   255.0.0.0   |  host  |         .         |
[   25.948444] cloud-init[1055]: ci-info: |   lo   |  True |          ::1/128          |       .       |  host  |         .         |
[   25.950557] cloud-init[1055]: ci-info: +--------+-------+---------------------------+---------------+--------+-------------------+
[   25.952822] cloud-init[1055]: ci-info: ++++++++++++++++++++++++++++Route IPv4 info+++++++++++++++++++++++++++++
[   25.954335] cloud-init[1055]: ci-info: +-------+-------------+----------+-----------------+-----------+-------+
[   25.956172] cloud-init[1055]: ci-info: | Route | Destination | Gateway  |     Genmask     | Interface | Flags |
[   25.958250] cloud-init[1055]: ci-info: +-------+-------------+----------+-----------------+-----------+-------+
[   25.961216] cloud-init[1055]: ci-info: |   0   |   0.0.0.0   | 10.0.2.2 |     0.0.0.0     |   enp0s3  |   UG  |
[   25.963800] cloud-init[1055]: ci-info: |   1   |   10.0.2.0  | 0.0.0.0  |  255.255.255.0  |   enp0s3  |   U   |
[   25.966243] cloud-init[1055]: ci-info: |   2   |   10.0.2.2  | 0.0.0.0  | 255.255.255.255 |   enp0s3  |   UH  |
[   25.967644] cloud-init[1055]: ci-info: +-------+-------------+----------+-----------------+-----------+-------+
[   25.969815] cloud-init[1055]: ci-info: +++++++++++++++++++Route IPv6 info+++++++++++++++++++
[   25.971776] cloud-init[1055]: ci-info: +-------+-------------+---------+-----------+-------+
[   25.984248] cloud-init[1055]: ci-info: | Route | Destination | Gateway | Interface | Flags |
[   25.985905] cloud-init[1055]: ci-info: +-------+-------------+---------+-----------+-------+
[   25.987696] cloud-init[1055]: ci-info: |   1   |  fe80::/64  |    ::   |   enp0s3  |   U   |
[   25.990582] cloud-init[1055]: ci-info: |   3   |    local    |    ::   |   enp0s3  |   U   |
[   25.991516] cloud-init[1055]: ci-info: |   4   |   ff00::/8  |    ::   |   enp0s3  |   U   |
[   25.992968] cloud-init[1055]: ci-info: +-------+-------------+---------+-----------+-------+
[   28.026408] cloud-init[1055]: Generating public/private rsa key pair.
[   28.028143] cloud-init[1055]: Your identification has been saved in /etc/ssh/ssh_host_rsa_key.
[   28.029619] cloud-init[1055]: Your public key has been saved in /etc/ssh/ssh_host_rsa_key.pub.
[   28.030832] cloud-init[1055]: The key fingerprint is:
[   28.031813] cloud-init[1055]: SHA256:dQBBdQ8MQLsA7womxN30hFcyb9eYGmyL7xo+8/K70jc root@ubuntu-bionic
[   28.033306] cloud-init[1055]: The key's randomart image is:
[   28.034298] cloud-init[1055]: +---[RSA 2048]----+
[   28.035186] cloud-init[1055]: |    ...*B*+oo    |
[   28.036201] cloud-init[1055]: |. . o+o.=. o=o   |
[   28.037120] cloud-init[1055]: | o . .+..*.+...  |
[   28.037960] cloud-init[1055]: |.    . .+o=.     |
[   28.038857] cloud-init[1055]: |. o   ..So       |
[   28.039640] cloud-init[1055]: | o . .  .        |
[   28.040472] cloud-init[1055]: |    .  ...       |
[   28.041281] cloud-init[1055]: |      .=o. E     |
[   28.041978] cloud-init[1055]: |       oO*+ .    |
[   28.042811] cloud-init[1055]: +----[SHA256]-----+
[   28.043516] cloud-init[1055]: Generating public/private dsa key pair.
[   28.056297] cloud-init[1055]: Your identification has been saved in /etc/ssh/ssh_host_dsa_key.
[   28.057138] cloud-init[1055]: Your public key has been saved in /etc/ssh/ssh_host_dsa_key.pub.
[   28.057814] cloud-init[1055]: The key fingerprint is:
[   28.058635] cloud-init[1055]: SHA256:oYjlWniVcrUBKdyhlFUPfPPpf0Rj1H66zLECe3nPVwg root@ubuntu-bionic
[   28.060139] cloud-init[1055]: The key's randomart image is:
[   28.061033] cloud-init[1055]: +---[DSA 1024]----+
[   28.061823] cloud-init[1055]: |   ..++*=       .|
[   28.062626] cloud-init[1055]: |   .+.oo.=o    ..|
[   28.063423] cloud-init[1055]: |    +.+ o..o ... |
[   28.064261] cloud-init[1055]: |   = = . .  E  o+|
[   28.065045] cloud-init[1055]: |  o = . S  . ..+o|
[   28.065788] cloud-init[1055]: |   +      . . + o|
[   28.066570] cloud-init[1055]: |  .        o = =.|
[   28.067456] cloud-init[1055]: |          . + B.o|
[   28.068337] cloud-init[1055]: |           . o o+|
[   28.069148] cloud-init[1055]: +----[SHA256]-----+
[   28.084254] cloud-init[1055]: Generating public/private ecdsa key pair.
[   28.085333] cloud-init[1055]: Your identification has been saved in /etc/ssh/ssh_host_ecdsa_key.
[   28.086657] cloud-init[1055]: Your public key has been saved in /etc/ssh/ssh_host_ecdsa_key.pub.
[   28.087986] cloud-init[1055]: The key fingerprint is:
[   28.088851] cloud-init[1055]: SHA256:lf151zFwFW42UA+181uIOUVgI2igqd6OxM1ZE331y4E root@ubuntu-bionic
[   28.090282] cloud-init[1055]: The key's randomart image is:
[   28.091218] cloud-init[1055]: +---[ECDSA 256]---+
[   28.092151] cloud-init[1055]: |      .. .. =++==|
[   28.093210] cloud-init[1055]: |     o .o  * ==.o|
[   28.093964] cloud-init[1055]: |    o ... + E +X.|
[   28.094800] cloud-init[1055]: |   .   . o   *o=B|
[   28.095550] cloud-init[1055]: |  .   o S   + * *|
[   28.096391] cloud-init[1055]: | o + o .     . .+|
[   28.096876] cloud-init[1055]: |  + =          . |
[   28.108242] cloud-init[1055]: | . o             |
[   28.108851] cloud-init[1055]: |  . .            |
[   28.125753] cloud-init[1055]: +----[SHA256]-----+
[   28.126700] cloud-init[1055]: Generating public/private ed25519 key pair.
[   28.128077] cloud-init[1055]: Your identification has been saved in /etc/ssh/ssh_host_ed25519_key.
[   28.129783] cloud-init[1055]: Your public key has been saved in /etc/ssh/ssh_host_ed25519_key.pub.
[   28.131507] cloud-init[1055]: The key fingerprint is:
[   28.132498] cloud-init[1055]: SHA256:Sh/m4lqFJHLQ/mmceR+0PkuL67WwJMtags9yydwulzg root@ubuntu-bionic
[   28.134278] cloud-init[1055]: The key's randomart image is:
[   28.135507] cloud-init[1055]: +--[ED25519 256]--+
[   28.137114] cloud-init[1055]: |  ..             |
[   28.138147] cloud-init[1055]: |   ..            |
[   28.139007] cloud-init[1055]: |  ..o .          |
[   28.139862] cloud-init[1055]: |   o.o .  .      |
[   28.140805] cloud-init[1055]: |     oo+S. .     |
[   28.141751] cloud-init[1055]: |   . .B*..o      |
[   28.142576] cloud-init[1055]: |  .o.=*o=oo.     |
[   28.143480] cloud-init[1055]: |  .oE*+= *+o     |
[   28.144450] cloud-init[1055]: |   o=B=.=.+o     |
[   28.145478] cloud-init[1055]: +----[SHA256]-----+
[[0;32m  OK  [0m] Started Initial cloud-init job (metadata service crawler).
[[0;32m  OK  [0m] Reached target Cloud-config availability.
[[0;32m  OK  [0m] Reached target System Initialization.
[[0;32m  OK  [0m] Listening on UUID daemon activation socket.
[[0;32m  OK  [0m] Started Message of the Day.
[[0;32m  OK  [0m] Started Discard unused blocks once a week.
[[0;32m  OK  [0m] Started Ubuntu Advantage Timer for running repeated jobs.
[[0;32m  OK  [0m] Started Daily Cleanup of Temporary Directories.
[[0;32m  OK  [0m] Started ACPI Events Check.
[[0;32m  OK  [0m] Listening on cloud-init hotplug hook socket.
[[0;32m  OK  [0m] Listening on ACPID Listen Socket.
         Starting Socket activation for snappy daemon.
[[0;32m  OK  [0m] Reached target Paths.
[[0;32m  OK  [0m] Listening on D-Bus System Message Bus Socket.
         Starting LXD - unix socket.
[[0;32m  OK  [0m] Started Daily apt download activities.
[[0;32m  OK  [0m] Started Daily apt upgrade and clean activities.
[[0;32m  OK  [0m] Reached target Timers.
[[0;32m  OK  [0m] Listening on Open-iSCSI iscsid Socket.
[[0;32m  OK  [0m] Reached target Network is Online.
         Starting Availability of block devices...
[[0;32m  OK  [0m] Reached target Remote File Systems (Pre).
[[0;32m  OK  [0m] Reached target Remote File Systems.
[[0;32m  OK  [0m] Listening on Socket activation for snappy daemon.
[[0;32m  OK  [0m] Listening on LXD - unix socket.
[[0;32m  OK  [0m] Started Availability of block devices.
[[0;32m  OK  [0m] Reached target Sockets.
[[0;32m  OK  [0m] Reached target Basic System.
[[0;32m  OK  [0m] Started D-Bus System Message Bus.
         Starting System Logging Service...
         Starting Login Service...
[[0;32m  OK  [0m] Started FUSE filesystem for LXC.
         Starting Virtualbox guest utils...
         Starting Pollinate to seed the pseudo random number generator...
         Starting Dispatcher daemon for systemd-networkd...
         Starting Accounts Service...
         Starting LSB: Record successful boot for GRUB...
[[0;32m  OK  [0m] Started Deferred execution scheduler.
         Starting Permit User Sessions...
[[0;32m  OK  [0m] Started Regular background program processing daemon.
[[0;32m  OK  [0m] Reached target Login Prompts (Pre).
         Starting LXD - container startup/shutdown...
[[0;32m  OK  [0m] Started irqbalance daemon.
         Starting LSB: automatic crash report generation...
         Starting Snap Daemon...
[[0;32m  OK  [0m] Started Permit User Sessions.
[[0;32m  OK  [0m] Started Login Service.
[[0;32m  OK  [0m] Started Unattended Upgrades Shutdown.
         Starting Hold until boot process finishes up...
         Starting Terminate Plymouth Boot Screen...
[[0;32m  OK  [0m] Started Hold until boot process finishes up.
         Starting Set console scheme...
[[0;32m  OK  [0m] Started Serial Getty on ttyS0.
[[0;32m  OK  [0m] Started Terminate Plymouth Boot Screen.
[[0;32m  OK  [0m] Started System Logging Service.
[[0;32m  OK  [0m] Started Set console scheme.
[[0;32m  OK  [0m] Created slice system-getty.slice.
[[0;32m  OK  [0m] Started Getty on tty1.
[[0;32m  OK  [0m] Reached target Login Prompts.
[[0;32m  OK  [0m] Started LSB: automatic crash report generation.
[[0;32m  OK  [0m] Started LSB: Record successful boot for GRUB.
         Starting Authorization Manager...
[[0;32m  OK  [0m] Started Virtualbox guest utils.
[[0;32m  OK  [0m] Started Authorization Manager.
[[0;32m  OK  [0m] Started Accounts Service.
[[0;32m  OK  [0m] Started Dispatcher daemon for systemd-networkd.
[[0;32m  OK  [0m] Started LXD - container startup/shutdown.
[[0;32m  OK  [0m] Started Snap Daemon.
         Starting Wait until snapd is fully seeded...
         Starting Time & Date Service...
[[0;32m  OK  [0m] Started Time & Date Service.
[[0;32m  OK  [0m] Started Pollinate to seed the pseudo random number generator.
         Starting OpenBSD Secure Shell server...
[[0;32m  OK  [0m] Started OpenBSD Secure Shell server.
[[0;32m  OK  [0m] Created slice User Slice of vagrant.
         Starting User Manager for UID 1000...
[[0;32m  OK  [0m] Started Session 1 of user vagrant.
[[0;32m  OK  [0m] Started User Manager for UID 1000.

Ubuntu 18.04.6 LTS ubuntu-bionic ttyS0

ubuntu-bionic login: [   37.340297] cloud-init[1759]: Cloud-init v. 22.3.4-0ubuntu1~18.04.1 running 'modules:config' at Tue, 06 Dec 2022 04:03:55 +0000. Up 35.78 seconds.
ci-info: no authorized SSH keys fingerprints found for user ubuntu.
<14>Dec  6 04:03:57 cloud-init: #############################################################
<14>Dec  6 04:03:57 cloud-init: -----BEGIN SSH HOST KEY FINGERPRINTS-----
<14>Dec  6 04:03:57 cloud-init: 1024 SHA256:oYjlWniVcrUBKdyhlFUPfPPpf0Rj1H66zLECe3nPVwg root@ubuntu-bionic (DSA)
<14>Dec  6 04:03:57 cloud-init: 256 SHA256:lf151zFwFW42UA+181uIOUVgI2igqd6OxM1ZE331y4E root@ubuntu-bionic (ECDSA)
<14>Dec  6 04:03:57 cloud-init: 256 SHA256:Sh/m4lqFJHLQ/mmceR+0PkuL67WwJMtags9yydwulzg root@ubuntu-bionic (ED25519)
<14>Dec  6 04:03:57 cloud-init: 2048 SHA256:dQBBdQ8MQLsA7womxN30hFcyb9eYGmyL7xo+8/K70jc root@ubuntu-bionic (RSA)
<14>Dec  6 04:03:57 cloud-init: -----END SSH HOST KEY FINGERPRINTS-----
<14>Dec  6 04:03:57 cloud-init: #############################################################
-----BEGIN SSH HOST KEY KEYS-----
ecdsa-sha2-nistp256 AAAAE2VjZHNhLXNoYTItbmlzdHAyNTYAAAAIbmlzdHAyNTYAAABBBBQQhUbCt3mN6Pb9oBIGTu0nyCSsOScA5LqDrlw1QtCMfdF34JimcFc5ksEJGQUei4j+gLQoxIKL/No7IXEEESY= root@ubuntu-bionic
ssh-ed25519 AAAAC3NzaC1lZDI1NTE5AAAAIB6e3/wlCh9F2XZxcvh7uvw+AI+autuZU1ylrP/oak7l root@ubuntu-bionic
ssh-rsa AAAAB3NzaC1yc2EAAAADAQABAAABAQCef+c5+Z/6P2z9tczqGYv3MRzu+thWuXWqUiZV0zMPnlonBZ+ESFc/YZ3y78iYjTzTMH8QGGcX10YkFOj79F2SvZjuPuMXOZwGzangCIghVEosr/PP10sgtisMOwkqVvbUSv5bLOUtAMOFJOwfOyb+7oZ9Q3jLYPjkCxyMC+9zxDbzNSCM7xiT9OQymG+kVyHkxFslrV1gxhX7fwri6wGD83DTgXszPgN+J4dceNBsTvGPHt7MvEiqij1Dciu9m+MisDi+R+OQOJ6o/IZjvBPNDwT4RrC1I4XrVGJCZzRSh7ztWRL5rTD+eTr7fnR08MQ8OcNIyycjnBHXFikJN4W3 root@ubuntu-bionic
-----END SSH HOST KEY KEYS-----
[   38.353931] cloud-init[1913]: Cloud-init v. 22.3.4-0ubuntu1~18.04.1 running 'modules:final' at Tue, 06 Dec 2022 04:03:57 +0000. Up 38.04 seconds.
[   38.356639] cloud-init[1913]: Cloud-init v. 22.3.4-0ubuntu1~18.04.1 finished at Tue, 06 Dec 2022 04:03:57 +0000. Datasource DataSourceNoCloud [seed=/dev/sdb][dsmode=net].  Up 38.33 seconds
[  100.200602] aufs aufs_fill_super:912:mount[3504]: no arg
[  100.222615] overlayfs: missing 'lowerdir'
[[0;32m  OK  [0m] Stopped target Cloud-init target.
[[0;32m  OK  [0m] Closed Load/Save RF Kill Switch Status /dev/rfkill Watch.
         Stopping Session 3 of user vagrant.
[[0;32m  OK  [0m] Stopped target Timers.
[[0;32m  OK  [0m] Stopped Message of the Day.
[[0;32m  OK  [0m] Stopped Daily Cleanup of Temporary Directories.
         Stopping Time & Date Service...
         Stopping Authorization Manager...
[[0;32m  OK  [0m] Stopped Ubuntu Advantage Timer for running repeated jobs.
         Stopping Availability of block devices...
[[0;32m  OK  [0m] Stopped Discard unused blocks once a week.
         Stopping User Manager for UID 1000...
[[0;32m  OK  [0m] Stopped Daily apt upgrade and clean activities.
[[0;32m  OK  [0m] Stopped Daily apt download activities.
[[0;32m  OK  [0m] Stopped target System Time Synchronized.
[[0;32m  OK  [0m] Stopped Execute cloud user/final scripts.
[[0;32m  OK  [0m] Stopped Apply the settings specified in cloud-config.
[[0;32m  OK  [0m] Stopped target Cloud-config availability.
[[0;32m  OK  [0m] Stopped target Graphical Interface.
         Stopping Accounts Service...
[[0;32m  OK  [0m] Stopped target Multi-User System.
         Stopping Regular background program processing daemon...
         Stopping LXD - container startup/shutdown...
[[0;32m  OK  [0m] Stopp         Stopping Serial Getty on ttyS0...
         Stopping FUSE filesystem for LXC...
         Stopping System Logging Service...
         Stopping OpenBSD Secure Shell server...
         Stopping Service for snap application docker.dockerd...
         Stopping Deferred execution scheduler...
[[0;32m  OK  [0m] Stopped Wait until snapd is fully seeded.
         Stopping Snap Daemon...
         Stopping LSB: Record successful boot for GRUB...
         Stopping irqbalance daemon...
         Stopping Dispatcher daemon for systemd-networkd...
         Stopping D-Bus System Message Bus...
         Stopping LSB: automatic crash report generation...
         Stopping Unattended Upgrades Shutdown...
         Stopping Virtualbox guest utils...
         Stopping Getty on tty1...
[[0;32m  OK  [0m] Stopped target Host and Network Name Lookups.
[[0;32m  OK  [0m] Unmounted /var/lib/lxcfs.
[[0;32m  OK  [0m] Stopped System Logging Service.
[[0;32m  OK  [0m] Stopped Dispatcher daemon for systemd-networkd.
[[0;32m  OK  [0m] Stopped Accounts Service.
[[0;32m  OK  [0m] Stopped Deferred execution scheduler.
[[0;32m  OK  [0m] Stopped Regular background program processing daemon.
[[0;32m  OK  [0m] Stopped irqbalance daemon.
[[0;32m  OK  [0m] Stopped Serial Getty on ttyS0.
[[0;32m  OK  [0m] Stopped Unattended Upgrades Shutdown.
[[0;32m  OK  [0m] Stopped Getty on tty1.
[[0;32m  OK  [0m] Stopped Authorization Manager.
[[0;32m  OK  [0m] Stopped Time & Date Service.
[[0;32m  OK  [0m] Stopped OpenBSD Secure Shell server.
[[0;32m  OK  [0m] Stopped User Manager for UID 1000.
[[0;32m  OK  [0m] Stopped Snap Daemon.
[[0;32m  OK  [0m] Stopped Service for snap application docker.dockerd.
[[0;32m  OK  [0m] Stopped D-Bus System Message Bus.
[[0;32m  OK  [0m] Stopped FUSE filesystem for LXC.
[[0;32m  OK  [0m] Stopped Session 3 of user vagrant.
[[0;32m  OK  [0m] Stopped Availability of block devices.
         Unmounting Mount unit for core18, revision 2632...
         Unmounting Mount unit for docker, revision 2285...
         Unmounting Mount unit for snapd, revision 17883...
[[0;32m  OK  [0m] Removed slice User Slice of vagrant.
[[0;32m  OK  [0m] Removed slice system-getty.slice.
         Stopping Login Service...
[[0;32m  OK  [0m] Stopped target Login Prompts (Pre).
         Stopping Permit User Sessions...
[[0;32m  OK  [0m] Removed slice system-serial\x2dgetty.slice.
[[0;32m  OK  [0m] Stopped LXD - container startup/shutdown.
[[0;32m  OK  [0m] Unmounted Mount unit for core18, revision 2632.
[[0;32m  OK  [0m] Unmounted Mount unit for docker, revision 2285.
[[0;32m  OK  [0m] Unmounted Mount unit for snapd, revision 17883.
[[0;32m  OK  [0m] Stopped Login Service.
[[0;32m  OK  [0m] Stopped Permit User Sessions.
[[0;32m  OK  [0m] Stopped target User and Group Name Lookups.
[[0;32m  OK  [0m] Stopped LSB: Record successful boot for GRUB.
[[0;32m  OK  [0m] Stopped LSB: automatic crash report generation.
[[0;32m  OK  [0m] Stopped target Remote File Systems.
         Unmounting /vagrant...
[[0;32m  OK  [0m] Stopped Virtualbox guest utils.
[[0;32m  OK  [0m] Stopped target Basic System.
[[0;32m  OK  [0m] Stopped target Slices.
[[0;32m  OK  [0m] Removed slice User and Session Slice.
[[0;32m  OK  [0m] Stopped target Sockets.
[[0;32m  OK  [0m] Closed Socket activation for snappy daemon.
[[0;32m  OK  [0m] Closed D-Bus System Message Bus Socket.
[[0;32m  OK  [0m] Closed UUID daemon activation socket.
[[0;32m  OK  [0m] Closed cloud-init hotplug hook socket.
[[0;32m  OK  [0m] Closed ACPID Listen Socket.
[[0;32m  OK  [0m] Closed Syslog Socket.
[[0;32m  OK  [0m] Closed LXD - unix socket.
[[0;32m  OK  [0m] Closed Open-iSCSI iscsid Socket.
[[0;32m  OK  [0m] Stopped target Paths.
[[0;32m  OK  [0m] Stopped ACPI Events Check.
[[0;32m  OK  [0m] Stopped target System Initialization.
         Stopping Load/Save Random Seed...
[[0;32m  OK  [0m] Stopped target Local Encrypted Volumes.
[[0;32m  OK  [0m] Stopped Forward Password Requests to Wall Directory Watch.
[[0;32m  OK  [0m] Stopped Dispatch Password Requests to Console Directory Watch.
[[0;32m  OK  [0m] Stopped Commit a transient machine-id on disk.
         Stopping Update UTMP about System Boot/Shutdown...
[[0;32m  OK  [0m] Unmounted /vagrant.
[[0;32m  OK  [0m] Stopped target Network is Online.
[[0;32m  OK  [0m] Stopped Initial cloud-init job (metadata service crawler).
[[0;32m  OK  [0m] Stopped target Network.
         Stopping Network Name Resolution...
[[0;32m  OK  [0m] Stopped target Remote File Systems (Pre).
[[0;32m  OK  [0m] Stopped Network Name Resolution.
         Stopping Network Service...
[[0;32m  OK  [0m] Stopped Network Service.
[[0;32m  OK  [0m] Stopped Apply Kernel Variables.
[[0;32m  OK  [0m] Stopped Load Kernel Modules.
[[0;32m  OK  [0m] Stopped target Network (Pre).
[[0;32m  OK  [0m] Stopped Initial cloud-init job (pre-networking).
[[0;32m  OK  [0m] Stopped Load/Save Random Seed.
[[0;32m  OK  [0m] Stopped Update UTMP about System Boot/Shutdown.
[[0;32m  OK  [0m] Stopped Create Volatile Files and Directories.
[[0;32m  OK  [0m] Stopped target Local File Systems.
         Unmounting /run/snapd/ns/docker.mnt...
         Unmounting /run/user/1000...
[[0;32m  OK  [0m] Unmounted /run/user/1000.
[[0;32m  OK  [0m] Unmounted /run/snapd/ns/docker.mnt.
         Unmounting /run/snapd/ns...
[[0;32m  OK  [0m] Unmounted /run/snapd/ns.
[[0;32m  OK  [0m] Reached target Unmount All Filesystems.
[[0;32m  OK  [0m] Stopped target Local File Systems (Pre).
[[0;32m  OK  [0m] Stopped Create Static Device Nodes in /dev.
[[0;32m  OK  [0m] Stopped Remount Root and Kernel File Systems.
         Stopping Monitoring of LVM2 mirrors…ng dmeventd or progress polling...
[[0;32m  OK  [0m] Stopped target Swap.
[[0;32m  OK  [0m] Reached target Shutdown.
[[0;32m  OK  [0m] Reached target Final Step.
         Starting Reboot...
[  105.686825] reboot: Restarting system
[    0.000000] Linux version 4.15.0-200-generic (buildd@lcy02-amd64-069) (gcc version 7.5.0 (Ubuntu 7.5.0-3ubuntu1~18.04)) #211-Ubuntu SMP Thu Nov 24 18:16:04 UTC 2022 (Ubuntu 4.15.0-200.211-generic 4.15.18)
[    0.000000] Command line: BOOT_IMAGE=/boot/vmlinuz-4.15.0-200-generic root=LABEL=cloudimg-rootfs ro console=tty1 console=ttyS0
[    0.000000] KERNEL supported cpus:
[    0.000000]   Intel GenuineIntel
[    0.000000]   AMD AuthenticAMD
[    0.000000]   Centaur CentaurHauls
[    0.000000] x86/fpu: Supporting XSAVE feature 0x001: 'x87 floating point registers'
[    0.000000] x86/fpu: Supporting XSAVE feature 0x002: 'SSE registers'
[    0.000000] x86/fpu: Supporting XSAVE feature 0x004: 'AVX registers'
[    0.000000] x86/fpu: xstate_offset[2]:  576, xstate_sizes[2]:  256
[    0.000000] x86/fpu: Enabled xstate features 0x7, context size is 832 bytes, using 'standard' format.
[    0.000000] e820: BIOS-provided physical RAM map:
[    0.000000] BIOS-e820: [mem 0x0000000000000000-0x000000000009fbff] usable
[    0.000000] BIOS-e820: [mem 0x000000000009fc00-0x000000000009ffff] reserved
[    0.000000] BIOS-e820: [mem 0x00000000000f0000-0x00000000000fffff] reserved
[    0.000000] BIOS-e820: [mem 0x0000000000100000-0x000000003ffeffff] usable
[    0.000000] BIOS-e820: [mem 0x000000003fff0000-0x000000003fffffff] ACPI data
[    0.000000] BIOS-e820: [mem 0x00000000fec00000-0x00000000fec00fff] reserved
[    0.000000] BIOS-e820: [mem 0x00000000fee00000-0x00000000fee00fff] reserved
[    0.000000] BIOS-e820: [mem 0x00000000fffc0000-0x00000000ffffffff] reserved
[    0.000000] NX (Execute Disable) protection: active
[    0.000000] SMBIOS 2.5 present.
[    0.000000] DMI: innotek GmbH VirtualBox/VirtualBox, BIOS VirtualBox 12/01/2006
[    0.000000] Hypervisor detected: KVM
[    0.000000] e820: last_pfn = 0x3fff0 max_arch_pfn = 0x400000000
[    0.000000] MTRR: Disabled
[    0.000000] x86/PAT: MTRRs disabled, skipping PAT initialization too.
[    0.000000] CPU MTRRs all blank - virtualized system.
[    0.000000] x86/PAT: Configuration [0-7]: WB  WT  UC- UC  WB  WT  UC- UC  
[    0.000000] found SMP MP-table at [mem 0x0009fff0-0x0009ffff]
[    0.000000] Scanning 1 areas for low memory corruption
[    0.000000] RAMDISK: [mem 0x359c9000-0x36cdbfff]
[    0.000000] ACPI: Early table checksum verification disabled
[    0.000000] ACPI: RSDP 0x00000000000E0000 000024 (v02 VBOX  )
[    0.000000] ACPI: XSDT 0x000000003FFF0030 00003C (v01 VBOX   VBOXXSDT 00000001 ASL  00000061)
[    0.000000] ACPI: FACP 0x000000003FFF00F0 0000F4 (v04 VBOX   VBOXFACP 00000001 ASL  00000061)
[    0.000000] ACPI: DSDT 0x000000003FFF0610 002353 (v02 VBOX   VBOXBIOS 00000002 INTL 20100528)
[    0.000000] ACPI: FACS 0x000000003FFF0200 000040
[    0.000000] ACPI: FACS 0x000000003FFF0200 000040
[    0.000000] ACPI: APIC 0x000000003FFF0240 00005C (v02 VBOX   VBOXAPIC 00000001 ASL  00000061)
[    0.000000] ACPI: SSDT 0x000000003FFF02A0 00036C (v01 VBOX   VBOXCPUT 00000002 INTL 20100528)
[    0.000000] ACPI: Reserving FACP table memory at [mem 0x3fff00f0-0x3fff01e3]
[    0.000000] ACPI: Reserving DSDT table memory at [mem 0x3fff0610-0x3fff2962]
[    0.000000] ACPI: Reserving FACS table memory at [mem 0x3fff0200-0x3fff023f]
[    0.000000] ACPI: Reserving FACS table memory at [mem 0x3fff0200-0x3fff023f]
[    0.000000] ACPI: Reserving APIC table memory at [mem 0x3fff0240-0x3fff029b]
[    0.000000] ACPI: Reserving SSDT table memory at [mem 0x3fff02a0-0x3fff060b]
[    0.000000] No NUMA configuration found
[    0.000000] Faking a node at [mem 0x0000000000000000-0x000000003ffeffff]
[    0.000000] NODE_DATA(0) allocated [mem 0x3ffc5000-0x3ffeffff]
[    0.000000] kvm-clock: cpu 0, msr 0:3ff44001, primary cpu clock
[    0.000000] kvm-clock: Using msrs 4b564d01 and 4b564d00
[    0.000000] kvm-clock: using sched offset of 4396374788 cycles
[    0.000000] clocksource: kvm-clock: mask: 0xffffffffffffffff max_cycles: 0x1cd42e4dffb, max_idle_ns: 881590591483 ns
[    0.000000] Zone ranges:
[    0.000000]   DMA      [mem 0x0000000000001000-0x0000000000ffffff]
[    0.000000]   DMA32    [mem 0x0000000001000000-0x000000003ffeffff]
[    0.000000]   Normal   empty
[    0.000000]   Device   empty
[    0.000000] Movable zone start for each node
[    0.000000] Early memory node ranges
[    0.000000]   node   0: [mem 0x0000000000001000-0x000000000009efff]
[    0.000000]   node   0: [mem 0x0000000000100000-0x000000003ffeffff]
[    0.000000] Reserved but unavailable: 104 pages
[    0.000000] Initmem setup node 0 [mem 0x0000000000001000-0x000000003ffeffff]
[    0.000000] ACPI: PM-Timer IO Port: 0x4008
[    0.000000] IOAPIC[0]: apic_id 2, version 32, address 0xfec00000, GSI 0-23
[    0.000000] ACPI: INT_SRC_OVR (bus 0 bus_irq 0 global_irq 2 dfl dfl)
[    0.000000] ACPI: INT_SRC_OVR (bus 0 bus_irq 9 global_irq 9 low level)
[    0.000000] Using ACPI (MADT) for SMP configuration information
[    0.000000] smpboot: Allowing 2 CPUs, 0 hotplug CPUs
[    0.000000] PM: Registered nosave memory: [mem 0x00000000-0x00000fff]
[    0.000000] PM: Registered nosave memory: [mem 0x0009f000-0x0009ffff]
[    0.000000] PM: Registered nosave memory: [mem 0x000a0000-0x000effff]
[    0.000000] PM: Registered nosave memory: [mem 0x000f0000-0x000fffff]
[    0.000000] e820: [mem 0x40000000-0xfebfffff] available for PCI devices
[    0.000000] Booting paravirtualized kernel on KVM
[    0.000000] clocksource: refined-jiffies: mask: 0xffffffff max_cycles: 0xffffffff, max_idle_ns: 7645519600211568 ns
[    0.000000] setup_percpu: NR_CPUS:8192 nr_cpumask_bits:2 nr_cpu_ids:2 nr_node_ids:1
[    0.000000] percpu: Embedded 50 pages/cpu s167936 r8192 d28672 u1048576
[    0.000000] PV qspinlock hash table entries: 256 (order: 0, 4096 bytes)
[    0.000000] Built 1 zonelists, mobility grouping on.  Total pages: 257913
[    0.000000] Policy zone: DMA32
[    0.000000] Kernel command line: BOOT_IMAGE=/boot/vmlinuz-4.15.0-200-generic root=LABEL=cloudimg-rootfs ro console=tty1 console=ttyS0
[    0.000000] Memory: 982648K/1048120K available (12300K kernel code, 2477K rwdata, 4320K rodata, 2472K init, 2720K bss, 65472K reserved, 0K cma-reserved)
[    0.000000] SLUB: HWalign=64, Order=0-3, MinObjects=0, CPUs=2, Nodes=1
[    0.000000] ftrace: allocating 39478 entries in 155 pages
[    0.004000] Hierarchical RCU implementation.
[    0.004000] 	RCU restricting CPUs from NR_CPUS=8192 to nr_cpu_ids=2.
[    0.004000] 	Tasks RCU enabled.
[    0.004000] RCU: Adjusting geometry for rcu_fanout_leaf=16, nr_cpu_ids=2
[    0.004000] NR_IRQS: 524544, nr_irqs: 440, preallocated irqs: 16
[    0.004000] random: crng init done
[    0.004000] Console: colour VGA+ 80x25
[    0.004000] console [tty1] enabled
[    0.004000] console [ttyS0] enabled
[    0.004000] ACPI: Core revision 20170831
[    0.004000] ACPI: 2 ACPI AML tables successfully acquired and loaded
[    0.004000] APIC: Switch to symmetric I/O mode setup
[    0.004000] x2apic enabled
[    0.004000] Switched APIC routing to physical x2apic.
[    0.005830] ..TIMER: vector=0x30 apic1=0 pin1=2 apic2=-1 pin2=-1
[    0.008004] tsc: Detected 1992.000 MHz processor
[    0.009436] Calibrating delay loop (skipped) preset value.. 3984.00 BogoMIPS (lpj=7968000)
[    0.012048] pid_max: default: 32768 minimum: 301
[    0.013995] Security Framework initialized
[    0.016007] Yama: becoming mindful.
[    0.017060] AppArmor: AppArmor initialized
[    0.018714] Dentry cache hash table entries: 131072 (order: 8, 1048576 bytes)
[    0.020055] Inode-cache hash table entries: 65536 (order: 7, 524288 bytes)
[    0.021350] Mount-cache hash table entries: 2048 (order: 2, 16384 bytes)
[    0.022612] Mountpoint-cache hash table entries: 2048 (order: 2, 16384 bytes)
[    0.024282] Last level iTLB entries: 4KB 64, 2MB 8, 4MB 8
[    0.025394] Last level dTLB entries: 4KB 64, 2MB 0, 4MB 0, 1GB 4
[    0.026555] Spectre V1 : Mitigation: usercopy/swapgs barriers and __user pointer sanitization
[    0.028007] Spectre V2 : Mitigation: Retpolines
[    0.029293] Spectre V2 : Spectre v2 / SpectreRSB mitigation: Filling RSB on context switch
[    0.032006] Speculative Store Bypass: Vulnerable
[    0.033694] MMIO Stale Data: Vulnerable: Clear CPU buffers attempted, no microcode
[    0.036006] SRBDS: Unknown: Dependent on hypervisor status
[    0.037577] Freeing SMP alternatives memory: 36K
[    0.150860] smpboot: CPU0: Intel(R) Core(TM) i7-8565U CPU @ 1.80GHz (family: 0x6, model: 0x8e, stepping: 0xc)
[    0.152000] Performance Events: unsupported p6 CPU model 142 no PMU driver, software events only.
[    0.152047] Hierarchical SRCU implementation.
[    0.153987] NMI watchdog: Perf event create on CPU 0 failed with -2
[    0.156003] NMI watchdog: Perf NMI watchdog permanently disabled
[    0.157530] smp: Bringing up secondary CPUs ...
[    0.161013] x86: Booting SMP configuration:
[    0.162779] .... node  #0, CPUs:      #1
[    0.004000] kvm-clock: cpu 1, msr 0:3ff44041, secondary cpu clock
[    0.168029] smp: Brought up 1 node, 2 CPUs
[    0.169005] smpboot: Max logical packages: 1
[    0.170179] smpboot: Total of 2 processors activated (7968.00 BogoMIPS)
[    0.172133] devtmpfs: initialized
[    0.172710] x86/mm: Memory block size: 128MB
[    0.173702] evm: security.selinux
[    0.174570] evm: security.SMACK64
[    0.176027] evm: security.SMACK64EXEC
[    0.177554] evm: security.SMACK64TRANSMUTE
[    0.179057] evm: security.SMACK64MMAP
[    0.180006] evm: security.apparmor
[    0.180906] evm: security.ima
[    0.181857] evm: security.capability
[    0.182951] clocksource: jiffies: mask: 0xffffffff max_cycles: 0xffffffff, max_idle_ns: 7645041785100000 ns
[    0.184017] futex hash table entries: 512 (order: 3, 32768 bytes)
[    0.185177] pinctrl core: initialized pinctrl subsystem
[    0.188099] RTC time:  4:05:09, date: 12/06/22
[    0.189113] NET: Registered protocol family 16
[    0.190032] audit: initializing netlink subsys (disabled)
[    0.191119] audit: type=2000 audit(1670299515.465:1): state=initialized audit_enabled=0 res=1
[    0.192302] cpuidle: using governor ladder
[    0.193928] cpuidle: using governor menu
[    0.196083] ACPI: bus type PCI registered
[    0.196846] acpiphp: ACPI Hot Plug PCI Controller Driver version: 0.5
[    0.198111] PCI: Using configuration type 1 for base access
[    0.200555] HugeTLB registered 2.00 MiB page size, pre-allocated 0 pages
[    0.201348] ACPI: Added _OSI(Module Device)
[    0.204004] ACPI: Added _OSI(Processor Device)
[    0.204862] ACPI: Added _OSI(3.0 _SCP Extensions)
[    0.205747] ACPI: Added _OSI(Processor Aggregator Device)
[    0.206824] ACPI: Added _OSI(Linux-Dell-Video)
[    0.208009] ACPI: Added _OSI(Linux-Lenovo-NV-HDMI-Audio)
[    0.210585] ACPI: Added _OSI(Linux-HPI-Hybrid-Graphics)
[    0.212446] ACPI: Executed 1 blocks of module-level executable AML code
[    0.218092] ACPI: Interpreter enabled
[    0.219109] ACPI: (supports S0 S5)
[    0.220000] ACPI: Using IOAPIC for interrupt routing
[    0.220248] PCI: Using host bridge windows from ACPI; if necessary, use "pci=nocrs" and report a bug
[    0.222484] ACPI: Enabled 2 GPEs in block 00 to 07
[    0.234001] ACPI: PCI Root Bridge [PCI0] (domain 0000 [bus 00-ff])
[    0.236010] acpi PNP0A03:00: _OSC: OS supports [ASPM ClockPM Segments MSI]
[    0.238500] acpi PNP0A03:00: _OSC: not requesting OS control; OS requires [ExtendedConfig ASPM ClockPM MSI]
[    0.240023] acpi PNP0A03:00: fail to add MMCONFIG information, can't access extended PCI configuration space under this bridge.
[    0.244623] PCI host bridge to bus 0000:00
[    0.248007] pci_bus 0000:00: root bus resource [io  0x0000-0x0cf7 window]
[    0.249669] pci_bus 0000:00: root bus resource [io  0x0d00-0xffff window]
[    0.251317] pci_bus 0000:00: root bus resource [mem 0x000a0000-0x000bffff window]
[    0.252008] pci_bus 0000:00: root bus resource [mem 0x40000000-0xfdffffff window]
[    0.255007] pci_bus 0000:00: root bus resource [bus 00-ff]
[    0.260429] pci 0000:00:01.1: legacy IDE quirk: reg 0x10: [io  0x01f0-0x01f7]
[    0.262248] pci 0000:00:01.1: legacy IDE quirk: reg 0x14: [io  0x03f6]
[    0.263654] pci 0000:00:01.1: legacy IDE quirk: reg 0x18: [io  0x0170-0x0177]
[    0.264004] pci 0000:00:01.1: legacy IDE quirk: reg 0x1c: [io  0x0376]
[    0.281899] pci 0000:00:07.0: quirk: [io  0x4000-0x403f] claimed by PIIX4 ACPI
[    0.283876] pci 0000:00:07.0: quirk: [io  0x4100-0x410f] claimed by PIIX4 SMB
[    0.297774] ACPI: PCI Interrupt Link [LNKA] (IRQs 5 9 10 *11)
[    0.299755] ACPI: PCI Interrupt Link [LNKB] (IRQs 5 9 *10 11)
[    0.300136] ACPI: PCI Interrupt Link [LNKC] (IRQs 5 *9 10 11)
[    0.301374] ACPI: PCI Interrupt Link [LNKD] (IRQs 5 9 10 *11)
[    0.304346] SCSI subsystem initialized
[    0.305171] pci 0000:00:02.0: vgaarb: setting as boot VGA device
[    0.305198] pci 0000:00:02.0: vgaarb: VGA device added: decodes=io+mem,owns=io+mem,locks=none
[    0.306812] pci 0000:00:02.0: vgaarb: bridge control possible
[    0.308016] vgaarb: loaded
[    0.308743] ACPI: bus type USB registered
[    0.309670] usbcore: registered new interface driver usbfs
[    0.312021] usbcore: registered new interface driver hub
[    0.313044] usbcore: registered new device driver usb
[    0.314080] EDAC MC: Ver: 3.0.0
[    0.316053] PCI: Using ACPI for IRQ routing
[    0.317198] NetLabel: Initializing
[    0.317889] NetLabel:  domain hash size = 128
[    0.318789] NetLabel:  protocols = UNLABELED CIPSOv4 CALIPSO
[    0.320023] NetLabel:  unlabeled traffic allowed by default
[    0.321181] clocksource: Switched to clocksource kvm-clock
[    0.335017] VFS: Disk quotas dquot_6.6.0
[    0.336573] VFS: Dquot-cache hash table entries: 512 (order 0, 4096 bytes)
[    0.338665] AppArmor: AppArmor Filesystem Enabled
[    0.339625] pnp: PnP ACPI init
[    0.342074] pnp: PnP ACPI: found 3 devices
[    0.353664] clocksource: acpi_pm: mask: 0xffffff max_cycles: 0xffffff, max_idle_ns: 2085701024 ns
[    0.355967] NET: Registered protocol family 2
[    0.357323] IP idents hash table entries: 16384 (order: 5, 131072 bytes)
[    0.359743] TCP established hash table entries: 8192 (order: 4, 65536 bytes)
[    0.361740] TCP bind hash table entries: 8192 (order: 5, 131072 bytes)
[    0.363559] TCP: Hash tables configured (established 8192 bind 8192)
[    0.364817] UDP hash table entries: 512 (order: 2, 16384 bytes)
[    0.365939] UDP-Lite hash table entries: 512 (order: 2, 16384 bytes)
[    0.367176] NET: Registered protocol family 1
[    0.368042] pci 0000:00:00.0: Limiting direct PCI/PCI transfers
[    0.369232] pci 0000:00:01.0: Activating ISA DMA hang workarounds
[    0.370556] pci 0000:00:02.0: Video device with shadowed ROM at [mem 0x000c0000-0x000dffff]
[    0.372282] Unpacking initramfs...
[    0.733906] Freeing initrd memory: 19532K
[    0.735077] clocksource: tsc: mask: 0xffffffffffffffff max_cycles: 0x396d519840e, max_idle_ns: 881590569543 ns
[    0.737819] platform rtc_cmos: registered platform RTC device (no PNP device found)
[    0.739304] Scanning for low memory corruption every 60 seconds
[    0.741872] Initialise system trusted keyrings
[    0.743358] Key type blacklist registered
[    0.744797] workingset: timestamp_bits=36 max_order=18 bucket_order=0
[    0.747356] zbud: loaded
[    0.748866] squashfs: version 4.0 (2009/01/31) Phillip Lougher
[    0.750433] fuse init (API version 7.26)
[    0.753894] Key type asymmetric registered
[    0.755113] Asymmetric key parser 'x509' registered
[    0.756559] Block layer SCSI generic (bsg) driver version 0.4 loaded (major 246)
[    0.759984] io scheduler noop registered
[    0.761167] io scheduler deadline registered
[    0.762280] io scheduler cfq registered (default)
[    0.763524] ACPI: AC Adapter [AC] (on-line)
[    0.764492] input: Power Button as /devices/LNXSYSTM:00/LNXPWRBN:00/input/input0
[    0.765969] ACPI: Power Button [PWRF]
[    0.766779] input: Sleep Button as /devices/LNXSYSTM:00/LNXSLPBN:00/input/input1
[    0.768201] ACPI: Sleep Button [SLPF]
[    0.770083] ACPI: Battery Slot [BAT0] (battery present)
[    0.771321] Serial: 8250/16550 driver, 32 ports, IRQ sharing enabled
[    0.793741] 00:02: ttyS0 at I/O 0x3f8 (irq = 4, base_baud = 115200) is a 16550A
[    0.800428] Linux agpgart interface v0.103
[    0.803586] loop: module loaded
[    0.805169] scsi host0: ata_piix
[    0.806017] scsi host1: ata_piix
[    0.807098] ata1: PATA max UDMA/33 cmd 0x1f0 ctl 0x3f6 bmdma 0xd000 irq 14
[    0.809660] ata2: PATA max UDMA/33 cmd 0x170 ctl 0x376 bmdma 0xd008 irq 15
[    0.812203] tun: Universal TUN/TAP device driver, 1.6
[    0.814014] PPP generic driver version 2.4.2
[    0.815194] ehci_hcd: USB 2.0 'Enhanced' Host Controller (EHCI) Driver
[    0.817051] ehci-pci: EHCI PCI platform driver
[    0.817951] ehci-platform: EHCI generic platform driver
[    0.818951] ohci_hcd: USB 1.1 'Open' Host Controller (OHCI) Driver
[    0.820111] ohci-pci: OHCI PCI platform driver
[    0.821024] ohci-platform: OHCI generic platform driver
[    0.822060] uhci_hcd: USB Universal Host Controller Interface driver
[    0.823450] i8042: PNP: PS/2 Controller [PNP0303:PS2K,PNP0f03:PS2M] at 0x60,0x64 irq 1,12
[    0.827100] serio: i8042 KBD port at 0x60,0x64 irq 1
[    0.828682] serio: i8042 AUX port at 0x60,0x64 irq 12
[    0.829875] mousedev: PS/2 mouse device common for all mice
[    0.831708] input: AT Translated Set 2 keyboard as /devices/platform/i8042/serio0/input/input2
[    0.833416] rtc_cmos rtc_cmos: rtc core: registered rtc_cmos as rtc0
[    0.834854] rtc_cmos rtc_cmos: alarms up to one day, 114 bytes nvram
[    0.836163] i2c /dev entries driver
[    0.836934] device-mapper: uevent: version 1.0.3
[    0.838061] device-mapper: ioctl: 4.37.0-ioctl (2017-09-20) initialised: dm-devel@redhat.com
[    0.841401] ledtrig-cpu: registered to indicate activity on CPUs
[    0.845295] NET: Registered protocol family 10
[    0.850229] Segment Routing with IPv6
[    0.851408] NET: Registered protocol family 17
[    0.852785] Key type dns_resolver registered
[    0.854224] mce: Using 0 MCE banks
[    0.855225] RAS: Correctable Errors collector initialized.
[    0.856979] sched_clock: Marking stable (856896521, 0)->(1068528061, -211631540)
[    0.860274] registered taskstats version 1
[    0.862070] Loading compiled-in X.509 certificates
[    0.868755] Loaded X.509 cert 'Build time autogenerated kernel key: 29e5beaa583364da097e68c9386761f80dbce7ef'
[    0.872934] Loaded X.509 cert 'Canonical Ltd. Live Patch Signing: 14df34d1a87cf37625abec039ef2bf521249b969'
[    0.877506] Loaded X.509 cert 'Canonical Ltd. Kernel Module Signing: 88f752e560a1e0737e31163a466ad7b70a850c19'
[    0.880468] blacklist: Loading compiled-in revocation X.509 certificates
[    0.882694] Loaded X.509 cert 'Canonical Ltd. Secure Boot Signing: 61482aa2830d0ab2ad5af10b7250da9033ddcef0'
[    0.885606] zswap: loaded using pool lzo/zbud
[    0.892611] Key type big_key registered
[    0.894431] Key type trusted registered
[    0.898745] Key type encrypted registered
[    0.900022] AppArmor: AppArmor sha1 policy hashing enabled
[    0.901907] ima: No TPM chip found, activating TPM-bypass! (rc=-19)
[    0.903493] ima: Allocated hash algorithm: sha1
[    0.904753] evm: HMAC attrs: 0x1
[    0.906009]   Magic number: 2:422:59
[    0.907324] rtc_cmos rtc_cmos: setting system clock to 2022-12-06 04:05:10 UTC (1670299510)
[    0.910976] BIOS EDD facility v0.16 2004-Jun-25, 0 devices found
[    0.912704] EDD information not available.
[    1.001329] Freeing unused kernel image memory: 2472K
[    1.015583] Write protecting the kernel read-only data: 20480k
[    1.019055] Freeing unused kernel image memory: 2008K
[    1.021291] Freeing unused kernel image memory: 1824K
[    1.035309] x86/mm: Checked W+X mappings: passed, no W+X pages found.
Loading, please wait...
starting version 237
[    1.122200] e1000: Intel(R) PRO/1000 Network Driver - version 7.3.21-k8-NAPI
[    1.125184] e1000: Copyright (c) 1999-2006 Intel Corporation.
[    1.133894] Fusion MPT base driver 3.04.20
[    1.135356] Copyright (c) 1999-2008 LSI Corporation
[    1.163381] AVX2 version of gcm_enc/dec engaged.
[    1.165107] AES CTR mode by8 optimization enabled
[    1.165366] Fusion MPT SPI Host driver 3.04.20
[    1.344751] input: ImExPS/2 Generic Explorer Mouse as /devices/platform/i8042/serio1/input/input4
[    1.545297] e1000 0000:00:03.0 eth0: (PCI:33MHz:32-bit) 02:0b:d2:67:80:32
[    1.547048] e1000 0000:00:03.0 eth0: Intel(R) PRO/1000 Network Connection
[    1.549959] mptbase: ioc0: Initiating bringup
[    1.656763] ioc0: LSI53C1030 A0: Capabilities={Initiator}
[    1.899588] scsi host2: ioc0: LSI53C1030 A0, FwRev=00000000h, Ports=1, MaxQ=256, IRQ=20
[    2.080605] scsi 2:0:0:0: Direct-Access     VBOX     HARDDISK         1.0  PQ: 0 ANSI: 5
[    2.112275] scsi target2:0:0: Beginning Domain Validation
[    2.115597] scsi target2:0:0: Domain Validation skipping write tests
[    2.116995] scsi target2:0:0: Ending Domain Validation
[    2.118376] scsi target2:0:0: asynchronous
[    2.128761] scsi 2:0:1:0: Direct-Access     VBOX     HARDDISK         1.0  PQ: 0 ANSI: 5
[    2.163571] scsi target2:0:1: Beginning Domain Validation
[    2.193436] scsi target2:0:1: Domain Validation skipping write tests
[    2.194552] scsi target2:0:1: Ending Domain Validation
[    2.195625] scsi target2:0:1: asynchronous
[    2.201877] sd 2:0:0:0: Attached scsi generic sg0 type 0
[    2.204128] sd 2:0:1:0: Attached scsi generic sg1 type 0
[    2.205493] sd 2:0:1:0: [sdb] 20480 512-byte logical blocks: (10.5 MB/10.0 MiB)
[    2.207289] sd 2:0:1:0: [sdb] Write Protect is off
[    2.208982] sd 2:0:1:0: [sdb] Incomplete mode parameter data
[    2.210527] sd 2:0:1:0: [sdb] Assuming drive cache: write through
[    2.216531] sd 2:0:0:0: [sda] 83886080 512-byte logical blocks: (42.9 GB/40.0 GiB)
[    2.220105] sd 2:0:0:0: [sda] Write Protect is off
[    2.222038] sd 2:0:0:0: [sda] Incomplete mode parameter data
[    2.223399] sd 2:0:0:0: [sda] Assuming drive cache: write through
[    2.238538]  sda: sda1
[    2.240770] sd 2:0:1:0: [sdb] Attached SCSI disk
[    2.242485] sd 2:0:0:0: [sda] Attached SCSI disk
[    2.500947] e1000 0000:00:08.0 eth1: (PCI:33MHz:32-bit) 08:00:27:ba:7e:a8
[    2.502771] e1000 0000:00:08.0 eth1: Intel(R) PRO/1000 Network Connection
[    2.505541] e1000 0000:00:08.0 enp0s8: renamed from eth1
[    2.520818] e1000 0000:00:03.0 enp0s3: renamed from eth0
Begin: Loading essential drivers ... [    3.968452] raid6: sse2x1   gen()  7501 MB/s
[    4.016350] raid6: sse2x1   xor()  3023 MB/s
[    4.064153] raid6: sse2x2   gen() 11234 MB/s
[    4.112750] raid6: sse2x2   xor()  6070 MB/s
[    4.160702] raid6: sse2x4   gen() 11035 MB/s
[    4.208564] raid6: sse2x4   xor()  4165 MB/s
[    4.256355] raid6: avx2x1   gen() 11704 MB/s
[    4.308085] raid6: avx2x1   xor()  5497 MB/s
[    4.356019] raid6: avx2x2   gen() 22137 MB/s
[    4.404509] raid6: avx2x2   xor() 12323 MB/s
[    4.458660] raid6: avx2x4   gen() 20701 MB/s
[    4.506242] raid6: avx2x4   xor()  9327 MB/s
[    4.507366] raid6: using algorithm avx2x2 gen() 22137 MB/s
[    4.508801] raid6: .... xor() 12323 MB/s, rmw enabled
[    4.510010] raid6: using avx2x2 recovery algorithm
[    4.512848] xor: automatically using best checksumming function   avx       
[    4.516293] async_tx: api initialized (async)
done.
Begin: Running /scripts/init-premount ... done.
Begin: Mounting root file system ... Begin: Running /scripts/local-top ... done.
Begin: Running /scripts/local-premount ... [    4.580924] Btrfs loaded, crc32c=crc32c-intel
Scanning for Btrfs filesystems
done.
Warning: fsck not present, so skipping root file system
[    4.783089] EXT4-fs (sda1): mounted filesystem with ordered data mode. Opts: (null)
done.
Begin: Running /scripts/local-bottom ... done.
Begin: Running /scripts/init-bottom ... done.
[    5.936020] ip_tables: (C) 2000-2006 Netfilter Core Team
[    6.207435] systemd[1]: systemd 237 running in system mode. (+PAM +AUDIT +SELINUX +IMA +APPARMOR +SMACK +SYSVINIT +UTMP +LIBCRYPTSETUP +GCRYPT +GNUTLS +ACL +XZ +LZ4 +SECCOMP +BLKID +ELFUTILS +KMOD -IDN2 +IDN -PCRE2 default-hierarchy=hybrid)
[    6.212168] systemd[1]: Detected virtualization oracle.
[    6.213389] systemd[1]: Detected architecture x86-64.

Welcome to [1mUbuntu 18.04.6 LTS[0m!

[    6.251405] systemd[1]: Set hostname to <app>.
[    7.763274] systemd[1]: Started Forward Password Requests to Wall Directory Watch.
[[0;32m  OK  [0m] Started Forward Password Requests to Wall Directory Watch.
[    7.765581] systemd[1]: Reached target User and Group Name Lookups.
[[0;32m  OK  [0m] Reached target User and Group Name Lookups.
[    7.767413] systemd[1]: Reached target Swap.
[[0;32m  OK  [0m] Reached target Swap.
[    7.768921] systemd[1]: Set up automount Arbitrary Executable File Formats File System Automount Point.
[[0;32m  OK  [0m] Set up automount Arbitrary Executab…rmats File System Automount Point.
[    7.772914] systemd[1]: Created slice System Slice.
[[0;32m  OK  [0m] Created slice System Slice.
[    7.774482] systemd[1]: Listening on Network Service Netlink Socket.
[[0;32m  OK  [0m] Listening on Network Service Netlink Socket.
[[0;32m  OK  [0m] Listening on Device-mapper event daemon FIFOs.
[[0;32m  OK  [0m] Listening on Journal Socket (/dev/log).
[[0;32m  OK  [0m] Listening on /dev/initctl Compatibility Named Pipe.
[[0;32m  OK  [0m] Listening on Journal Socket.
         Mounting Kernel Debug File System...
[[0;32m  OK  [0m] Listening on LVM2 poll daemon socket.
         Starting Uncomplicated firewall...
[[0;32m  OK  [0m] Listening on Journal Audit Socket.
[[0;32m  OK  [0m] Listening on udev Control Socket.
         Mounting Huge Pages File System...
[[0;32m  OK  [0m] Listening on fsck to fsckd communication Socket.
         Starting File System Check on Root Device...
         Mounting POSIX Message Queue File System...
         Starting Create list of required st…ce nodes for the current kernel...
[[0;32m  OK  [0m] Listening on Syslog Socket.
         Starting Journal Service...
[[0;32m  OK  [0m] Listening on udev Kernel Socket.
         Starting udev Coldplug all Devices...
[[0;32m  OK  [0m] Created slice system-serial\x2dgetty.slice.
[[0;32m  OK  [0m] Reached target System Time Synchronized.
         Starting Set the console keyboard layout...
[[0;32m  OK  [0m] Created slice User and Session Slice.
[[0;32m  OK  [0m] Reached target Slices.
[[0;32m  OK  [0m] Listening on LVM2 metadata daemon socket.
         Starting Load Kernel Modules...
         Starting Monitoring of LVM2 mirrors…ng dmeventd or progress polling...
[[0;32m  OK  [0m] Started Journal Service.
[[0;32m  OK  [0m] Mounted Kernel Debug File System.
[    7.996915] Loading iSCSI transport class v2.0-870.
[[0;32m  OK  [0m] Started Uncomplicated firewall.
[    8.013006] iscsi: registered transport (tcp)
[[0;32m  OK  [0m] Mounted Huge Pages File System.
[[0;32m  OK  [0m] Started File System Check on Root Device.
[[0;32m  OK  [0m] Mounted POSIX Message Queue File System.
[[0;32m  OK  [0m] Started Create list of required sta…vice nodes for the current kernel.
[[0;32m  OK  [0m] Started File System Check Daemon to report status.
         Starting Create Static Device Nodes in /dev...
         Starting Remount Root and Kernel File Systems...
[[0;32m  OK  [0m] Started udev Coldplug all Devices.
[[0;32m  OK  [0m] Started Set the console keyboard layout.
[    8.152443] iscsi: registered transport (iser)
[    8.180292] arp_tables: arp_tables: (C) 2002 David S. Miller
[    8.233035] bridge: filtering via arp/ip/ip6tables is no longer available by default. Update your scripts to load br_netfilter if you need this.
[    8.254145] Bridge firewalling registered
[    8.376025] EXT4-fs (sda1): re-mounted. Opts: (null)
[[0;32m  OK  [0m] Started Remount Root and Kernel File Systems.
[[0;32m  OK  [0m] Started LVM2 metadata daemon.
         Starting Flush Journal to Persistent Storage...
         Starting Load/Save Random Seed...
[    8.405469] ip6_tables: (C) 2000-2006 Netfilter Core Team
[[0;32m  OK  [0m] Started Create Static Device Nodes in /dev.
         Starting udev Kernel Device Manager...
[[0;32m  OK  [0m] Started Load/Save Random Seed.
[    8.485784] systemd-journald[416]: Received request to flush runtime journal from PID 1
[[0;32m  OK  [0m] Started Monitoring of LVM2 mirrors,…sing dmeventd or progress polling.
[[0;32m  OK  [0m] Reached target Local File Systems (Pre).
[[0;32m  OK  [0m] Reached target Local File Systems.
         Starting ebtables ruleset management...
         Starting Set console font and keymap...
         Starting AppArmor initialization...
         Starting Tell Plymouth To Write Out Runtime Data...
         Mounting Mount unit for snapd, revision 17883...
         Mounting Mount unit for core18, revision 2632...
         Mounting Mount unit for docker, revision 2285...
[[0;32m  OK  [0m] Started udev Kernel Device Manager.
[[0;32m  OK  [0m] Started Load Kernel Modules.
[[0;32m  OK  [0m] Started Set console font and keymap.
[[0;32m  OK  [0m] Started Tell Plymouth To Write Out Runtime Data.
         Mounting Kernel Configuration File System...
         Starting Apply Kernel Variables...
         Mounting FUSE Control File System...
[[0;32m  OK  [0m] Started Dispatch Password Requests to Console Directory Watch.
[[0;32m  OK  [0m] Reached target Local Encrypted Volumes.
[[0;32m  OK  [0m] Mounted Kernel Configuration File System.
[[0;32m  OK  [0m] Mounted FUSE Control File System.
[[0;32m  OK  [0m] Started Apply Kernel Variables.
[[0;32m  OK  [0m] Mounted Mount unit for docker, revision 2285.
[[0;32m  OK  [0m] Mounted Mount unit for snapd, revision 17883.
[[0;32m  OK  [0m] Mounted Mount unit for core18, revision 2632.
[[0;32m  OK  [0m] Found device /dev/ttyS0.
[[0;32m  OK  [0m] Listening on Load/Save RF Kill Switch Status /dev/rfkill Watch.
[[0;32m  OK  [0m] Started ebtables ruleset management.
[[0;32m  OK  [0m] Started Flush Journal to Persistent Storage.
         Starting Create Volatile Files and Directories...
[[0;32m  OK  [0m] Started Create Volatile Files and Directories.
         Starting Update UTMP about System Boot/Shutdown...
[[0;32m  OK  [0m] Started Update UTMP about System Boot/Shutdown.
         Mounting Arbitrary Executable File Formats File System...
[[0;32m  OK  [0m] Mounted Arbitrary Executable File Formats File System.
[[0;32m  OK  [0m] Started AppArmor initialization.
         Starting Load AppArmor profiles managed internally by snapd...
         Starting Initial cloud-init job (pre-networking)...
[[0;32m  OK  [0m] Started Load AppArmor profiles managed internally by snapd.
[   15.709647] cloud-init[613]: Cloud-init v. 22.3.4-0ubuntu1~18.04.1 running 'init-local' at Tue, 06 Dec 2022 04:05:24 +0000. Up 15.36 seconds.
[[0;32m  OK  [0m] Started Initial cloud-init job (pre-networking).
[[0;32m  OK  [0m] Reached target Network (Pre).
         Starting Network Service...
[[0;32m  OK  [0m] Started Network Service.
         Starting Network Name Resolution...
         Starting Wait for Network to be Configured...
[[0;32m  OK  [0m] Started Network Name Resolution.
[[0;32m  OK  [0m] Reached target Network.
[[0;32m  OK  [0m] Reached target Host and Network Name Lookups.
[[0;32m  OK  [0m] Started Wait for Network to be Configured.
         Starting Initial cloud-init job (metadata service crawler)...
[   18.026616] cloud-init[766]: Cloud-init v. 22.3.4-0ubuntu1~18.04.1 running 'init' at Tue, 06 Dec 2022 04:05:27 +0000. Up 17.83 seconds.
[   18.027833] cloud-init[766]: ci-info: ++++++++++++++++++++++++++++++++++++++Net device info+++++++++++++++++++++++++++++++++++++++
[   18.040251] cloud-init[766]: ci-info: +--------+------+-----------------------------+---------------+--------+-------------------+
[   18.042772] cloud-init[766]: ci-info: | Device |  Up  |           Address           |      Mask     | Scope  |     Hw-Address    |
[   18.045231] cloud-init[766]: ci-info: +--------+------+-----------------------------+---------------+--------+-------------------+
[   18.047120] cloud-init[766]: ci-info: | enp0s3 | True |          10.0.2.15          | 255.255.255.0 | global | 02:0b:d2:67:80:32 |
[   18.049580] cloud-init[766]: ci-info: | enp0s3 | True |  fe80::b:d2ff:fe67:8032/64  |       .       |  link  | 02:0b:d2:67:80:32 |
[   18.051929] cloud-init[766]: ci-info: | enp0s8 | True |         192.168.1.4         | 255.255.255.0 | global | 08:00:27:ba:7e:a8 |
[   18.064463] cloud-init[766]: ci-info: | enp0s8 | True | fe80::a00:27ff:feba:7ea8/64 |       .       |  link  | 08:00:27:ba:7e:a8 |
[   18.077138] cloud-init[766]: ci-info: |   lo   | True |          127.0.0.1          |   255.0.0.0   |  host  |         .         |
[   18.079359] cloud-init[766]: ci-info: |   lo   | True |           ::1/128           |       .       |  host  |         .         |
[   18.081658] cloud-init[766]: ci-info: +--------+------+-----------------------------+---------------+--------+-------------------+
[   18.084187] cloud-init[766]: ci-info: ++++++++++++++++++++++++++++Route IPv4 info+++++++++++++++++++++++++++++
[   18.086138] cloud-init[766]: ci-info: +-------+-------------+----------+-----------------+-----------+-------+
[   18.096650] cloud-init[766]: ci-info: | Route | Destination | Gateway  |     Genmask     | Interface | Flags |
[   18.098351] cloud-init[766]: ci-info: +-------+-------------+----------+-----------------+-----------+-------+
[   18.100318] cloud-init[766]: ci-info: |   0   |   0.0.0.0   | 10.0.2.2 |     0.0.0.0     |   enp0s3  |   UG  |
[   18.102225] cloud-init[766]: ci-info: |   1   |   10.0.2.0  | 0.0.0.0  |  255.255.255.0  |   enp0s3  |   U   |
[   18.104135] cloud-init[766]: ci-info: |   2   |   10.0.2.2  | 0.0.0.0  | 255.255.255.255 |   enp0s3  |   UH  |
[   18.105993] cloud-init[766]: ci-info: |   3   | 192.168.1.0 | 0.0.0.0  |  255.255.255.0  |   enp0s8  |   U   |
[   18.107893] cloud-init[766]: ci-info: +-------+-------------+----------+-----------------+-----------+-------+
[   18.109798] cloud-init[766]: ci-info: +++++++++++++++++++Route IPv6 info+++++++++++++++++++
[   18.111403] cloud-init[766]: ci-info: +-------+-------------+---------+-----------+-------+
[   18.113056] cloud-init[766]: ci-info: | Route | Destination | Gateway | Interface | Flags |
[   18.114629] cloud-init[766]: ci-info: +-------+-------------+---------+-----------+-------+
[   18.116252] cloud-init[766]: ci-info: |   1   |  fe80::/64  |    ::   |   enp0s8  |   U   |
[   18.117609] cloud-init[766]: ci-info: |   2   |  fe80::/64  |    ::   |   enp0s3  |   U   |
[   18.118968] cloud-init[766]: ci-info: |   4   |    local    |    ::   |   enp0s3  |   U   |
[   18.120449] cloud-init[766]: ci-info: |   5   |    local    |    ::   |   enp0s8  |   U   |
[   18.122192] cloud-init[766]: ci-info: |   6   |   ff00::/8  |    ::   |   enp0s8  |   U   |
[   18.123902] cloud-init[766]: ci-info: |   7   |   ff00::/8  |    ::   |   enp0s3  |   U   |
[   18.125444] cloud-init[766]: ci-info: +-------+-------------+---------+-----------+-------+
[[0;32m  OK  [0m] Started Initial cloud-init job (metadata service crawler).
[[0;32m  OK  [0m] Reached target Network is Online.
[[0;32m  OK  [0m] Reached target Remote File Systems (Pre).
         Mounting /vagrant...
         Starting Availability of block devices...
[[0;32m  OK  [0m] Reached target System Initialization.
[[0;32m  OK  [0m] Listening on Open-iSCSI iscsid Socket.
[[0;32m  OK  [0m] Listening on ACPID Listen Socket.
[[0;32m  OK  [0m] Listening on UUID daemon activation socket.
[[0;32m  OK  [0m] Listening on D-Bus System Message Bus Socket.
[[0;32m  OK  [0m] Started ACPI Events Check.
[[0;32m  OK  [0m] Started Ubuntu Advantage Timer for running repeated jobs.
[[0;32m  OK  [0m] Listening on cloud-init hotplug hook socket.
[[0;32m  OK  [0m] Started Daily Cleanup of Temporary Directories.
[[0;32m  OK  [0m] Started Daily apt download activities.
[[0;32m  OK  [0m] Started Discard unused blocks once a week.
[[0;32m  OK  [0m] Reached target Paths.
         Starting Socket activation for snappy daemon.
[[0;32m  OK  [0m] Started Daily apt upgrade and clean activities.
[[0;32m  OK  [0m] Started Message of the Day.
[[0;32m  OK  [0m] Reached target Timers.
         Starting LXD - unix socket.
[[0;32m  OK  [0m] Reached target Cloud-config availability.
[[0;32m  OK  [0m] Mounted /vagrant.
[[0;32m  OK  [0m] Started Availability of block devices.
[[0;32m  OK  [0m] Listening on Socket activation for snappy daemon.
[[0;32m  OK  [0m] Listening on LXD - unix socket.
[[0;32m  OK  [0m] Reached target Sockets.
[[0;32m  OK  [0m] Reached target Basic System.
[[0;32m  OK  [0m] Started D-Bus System Message Bus.
         Starting Virtualbox guest utils...
         Starting System Logging Service...
         Starting Login Service...
         Starting LSB: Record successful boot for GRUB...
[[0;32m  OK  [0m] Started Regular background program processing daemon.
[[0;32m  OK  [0m] Started irqbalance daemon.
         Starting Dispatcher daemon for systemd-networkd...
         Starting OpenBSD Secure Shell server...
[[0;32m  OK  [0m] Started Deferred execution scheduler.
         Starting LXD - container startup/shutdown...
[[0;32m  OK  [0m] Started Service for snap application docker.dockerd.
[[0;32m  OK  [0m] Started FUSE filesystem for LXC.
         Starting Snap Daemon...
[[0;32m  OK  [0m] Reached target Login Prompts (Pre).
         Starting Accounts Service...
[[0;32m  OK  [0m] Reached target Remote File Systems.
         Starting LSB: automatic crash report generation...
         Starting Permit User Sessions...
[[0;32m  OK  [0m] Started System Logging Service.
[[0;32m  OK  [0m] Started Login Service.
[[0;32m  OK  [0m] Started Unattended Upgrades Shutdown.
[[0;32m  OK  [0m] Started Permit User Sessions.
         Starting Hold until boot process finishes up...
         Starting Terminate Plymouth Boot Screen...
[[0;32m  OK  [0m] Started Hold until boot process finishes up.
         Starting Set console scheme...
[[0;32m  OK  [0m] Started Serial Getty on ttyS0.
[[0;32m  OK  [0m] Started Terminate Plymouth Boot Screen.
[[0;32m  OK  [0m] Started LSB: Record successful boot for GRUB.
[[0;32m  OK  [0m] Started Set console scheme.
[[0;32m  OK  [0m] Created slice system-getty.slice.
[[0;32m  OK  [0m] Started Getty on tty1.
[[0;32m  OK  [0m] Reached target Login Prompts.
[[0;32m  OK  [0m] Started LSB: automatic crash report generation.
         Starting Authorization Manager...
[[0;32m  OK  [0m] Started OpenBSD Secure Shell server.
[[0;32m  OK  [0m] Started Dispatcher daemon for systemd-networkd.
[[0;32m  OK  [0m] Started Virtualbox guest utils.
[[0;32m  OK  [0m] Started Authorization Manager.
[[0;32m  OK  [0m] Started Accounts Service.

Ubuntu 18.04.6 LTS app ttyS0

app login: [   31.885374] aufs aufs_fill_super:912:mount[1340]: no arg
[   31.940829] overlayfs: missing 'lowerdir'
[   34.124943] cloud-init[1436]: Cloud-init v. 22.3.4-0ubuntu1~18.04.1 running 'modules:config' at Tue, 06 Dec 2022 04:05:43 +0000. Up 33.87 seconds.
[   35.372377] cloud-init[1486]: Cloud-init v. 22.3.4-0ubuntu1~18.04.1 running 'modules:final' at Tue, 06 Dec 2022 04:05:44 +0000. Up 34.96 seconds.
[   35.372547] cloud-init[1486]: Cloud-init v. 22.3.4-0ubuntu1~18.04.1 finished at Tue, 06 Dec 2022 04:05:44 +0000. Datasource DataSourceNoCloud [seed=/dev/sdb][dsmode=net].  Up 35.34 seconds
  47.097513] cloud-init[1392]: Cloud-init v. 22.3.4-0ubuntu1~18.04.1 running 'modules:config' at Tue, 06 Dec 2022 04:03:31 +0000. Up 46.79 seconds.
[   48.319760] cloud-init[1435]: Cloud-init v. 22.3.4-0ubuntu1~18.04.1 running 'modules:final' at Tue, 06 Dec 2022 04:03:32 +0000. Up 47.79 seconds.
[   48.336648] cloud-init[1435]: Cloud-init v. 22.3.4-0ubuntu1~18.04.1 finished at Tue, 06 Dec 2022 04:03:32 +0000. Datasource DataSourceNoCloud [seed=/dev/sdb][dsmode=net].  Up 48.28 seconds
